#
# There is insufficient memory for the Java Runtime Environment to continue.
# Native memory allocation (mmap) failed to map 65536 bytes for Failed to commit metaspace.
# Possible reasons:
#   The system is out of physical RAM or swap space
#   The process is running with CompressedOops enabled, and the Java Heap may be blocking the growth of the native heap
# Possible solutions:
#   Reduce memory load on the system
#   Increase physical memory or swap space
#   Check if swap backing store is full
#   Decrease Java heap size (-Xmx/-Xms)
#   Decrease number of Java threads
#   Decrease Java thread stack sizes (-Xss)
#   Set larger code cache with -XX:ReservedCodeCacheSize=
#   JVM is running with Unscaled Compressed Oops mode in which the Java heap is
#     placed in the first 4GB address space. The Java Heap base address is the
#     maximum limit for the native heap growth. Please use -XX:HeapBaseMinAddress
#     to set the Java Heap base and to place the Java Heap above 4GB virtual address.
# This output file may be truncated or incomplete.
#
#  Out of Memory Error (virtualSpaceNode.cpp:110), pid=24628, tid=27136
#
# JRE version: OpenJDK Runtime Environment JBR-17.0.6+10-829.5-jcef (17.0.6+10) (build 17.0.6+10-b829.5)
# Java VM: OpenJDK 64-Bit Server VM JBR-17.0.6+10-829.5-jcef (17.0.6+10-b829.5, mixed mode, tiered, compressed oops, compressed class ptrs, g1 gc, windows-amd64)
# No core dump will be written. Minidumps are not enabled by default on client versions of Windows
#

---------------  S U M M A R Y ------------

Command Line: -Djava.rmi.server.hostname=127.0.0.1 -Duser.timezone=UTC -Xmx750m -Xms128m --add-exports=java.desktop/sun.awt=ALL-UNNAMED --add-exports=java.desktop/java.awt.peer=ALL-UNNAMED --add-opens=java.desktop/java.awt=ALL-UNNAMED --add-opens=jdk.unsupported/sun.misc=ALL-UNNAMED --add-opens=java.base/java.nio=ALL-UNNAMED --add-opens=java.base/java.util=ALL-UNNAMED -Dfile.encoding=UTF-8 com.intellij.database.remote.RemoteJdbcServer org.postgresql.Driver

Host: Intel(R) Core(TM) i5-8265U CPU @ 1.60GHz, 8 cores, 15G,  Windows 11 , 64 bit Build 22621 (10.0.22621.2428)
Time: Thu Nov  9 16:00:43 2023 Mitteleuropäische Zeit elapsed time: 3.547689 seconds (0d 0h 0m 3s)

---------------  T H R E A D  ---------------

Current thread (0x0000023d3ae0a9b0):  JavaThread "RMI TCP Connection(4)-127.0.0.1" daemon [_thread_in_vm, id=27136, stack(0x0000004d22b00000,0x0000004d22c00000)]

Stack: [0x0000004d22b00000,0x0000004d22c00000]
Native frames: (J=compiled Java code, j=interpreted, Vv=VM code, C=native code)
V  [jvm.dll+0x683b4a]
V  [jvm.dll+0x842654]
V  [jvm.dll+0x843dfe]
V  [jvm.dll+0x844463]
V  [jvm.dll+0x249b75]
V  [jvm.dll+0x83e6ab]
V  [jvm.dll+0x627fa6]
V  [jvm.dll+0x62800a]
V  [jvm.dll+0x62a81a]
V  [jvm.dll+0x628946]
V  [jvm.dll+0x632777]
V  [jvm.dll+0x1eda2b]
V  [jvm.dll+0x1edf65]
V  [jvm.dll+0x1ee884]
V  [jvm.dll+0x1e3dcc]
V  [jvm.dll+0x547f8d]
V  [jvm.dll+0x1f46eb]
V  [jvm.dll+0x7bc67b]
V  [jvm.dll+0x7bdac2]
V  [jvm.dll+0x7bddf8]
V  [jvm.dll+0x24190e]
V  [jvm.dll+0x38437e]
C  0x0000023d2d8eb5a5

Java frames: (J=compiled Java code, j=interpreted, Vv=VM code)
j  java.math.BigInteger.remainderKnuth(Ljava/math/BigInteger;)Ljava/math/BigInteger;+0 java.base@17.0.6
j  java.math.BigInteger.remainder(Ljava/math/BigInteger;)Ljava/math/BigInteger;+28 java.base@17.0.6
j  java.math.BigInteger.mod(Ljava/math/BigInteger;)Ljava/math/BigInteger;+20 java.base@17.0.6
j  sun.security.util.math.intpoly.IntegerPolynomial.setLimbsValuePositive(Ljava/math/BigInteger;[J)V+26 java.base@17.0.6
j  sun.security.util.math.intpoly.IntegerPolynomial.setPosModLimbs()[J+13 java.base@17.0.6
j  sun.security.util.math.intpoly.IntegerPolynomial.<init>(IIILjava/math/BigInteger;)V+27 java.base@17.0.6
j  sun.security.util.math.intpoly.IntegerPolynomial25519.<init>()V+9 java.base@17.0.6
j  sun.security.ec.ed.EdDSAParameters.<clinit>()V+14 jdk.crypto.ec@17.0.6
v  ~StubRoutines::call_stub
j  sun.security.ec.ed.EdDSASignature.<init>(Ljava/security/spec/NamedParameterSpec;)V+33 jdk.crypto.ec@17.0.6
j  sun.security.ec.ed.EdDSASignature$Ed25519.<init>()V+4 jdk.crypto.ec@17.0.6
j  sun.security.ec.SunEC$ProviderService.newInstance(Ljava/lang/Object;)Ljava/lang/Object;+67 jdk.crypto.ec@17.0.6
j  java.security.Signature.isSpi(Ljava/security/Provider$Service;)Z+38 java.base@17.0.6
j  java.security.Signature.getInstance(Ljava/lang/String;)Ljava/security/Signature;+89 java.base@17.0.6
j  sun.security.ssl.SignatureScheme.<init>(Ljava/lang/String;IILjava/lang/String;Ljava/lang/String;Ljava/lang/String;Lsun/security/ssl/SignatureScheme$SigAlgParamSpec;Lsun/security/ssl/NamedGroup;I[Lsun/security/ssl/ProtocolVersion;[Lsun/security/ssl/ProtocolVersion;)V+105 java.base@17.0.6
j  sun.security.ssl.SignatureScheme.<init>(Ljava/lang/String;IILjava/lang/String;Ljava/lang/String;Ljava/lang/String;Lsun/security/ssl/SignatureScheme$SigAlgParamSpec;I[Lsun/security/ssl/ProtocolVersion;)V+19 java.base@17.0.6
j  sun.security.ssl.SignatureScheme.<init>(Ljava/lang/String;IILjava/lang/String;Ljava/lang/String;Ljava/lang/String;I[Lsun/security/ssl/ProtocolVersion;)V+15 java.base@17.0.6
j  sun.security.ssl.SignatureScheme.<init>(Ljava/lang/String;IILjava/lang/String;Ljava/lang/String;Ljava/lang/String;[Lsun/security/ssl/ProtocolVersion;)V+13 java.base@17.0.6
j  sun.security.ssl.SignatureScheme.<clinit>()V+116 java.base@17.0.6
v  ~StubRoutines::call_stub
j  sun.security.ssl.SSLSessionImpl.<clinit>()V+10 java.base@17.0.6
v  ~StubRoutines::call_stub
j  sun.security.ssl.TransportContext.<init>(Lsun/security/ssl/SSLContextImpl;Lsun/security/ssl/SSLTransport;Lsun/security/ssl/SSLConfiguration;Lsun/security/ssl/InputRecord;Lsun/security/ssl/OutputRecord;Z)V+115 java.base@17.0.6
j  sun.security.ssl.TransportContext.<init>(Lsun/security/ssl/SSLContextImpl;Lsun/security/ssl/SSLTransport;Lsun/security/ssl/InputRecord;Lsun/security/ssl/OutputRecord;Z)V+17 java.base@17.0.6
j  sun.security.ssl.SSLSocketImpl.<init>(Lsun/security/ssl/SSLContextImpl;Ljava/net/Socket;Ljava/lang/String;IZ)V+108 java.base@17.0.6
j  sun.security.ssl.SSLSocketFactoryImpl.createSocket(Ljava/net/Socket;Ljava/lang/String;IZ)Ljava/net/Socket;+13 java.base@17.0.6
j  org.postgresql.ssl.WrappedFactory.createSocket(Ljava/net/Socket;Ljava/lang/String;IZ)Ljava/net/Socket;+9
j  org.postgresql.ssl.MakeSSL.convert(Lorg/postgresql/core/PGStream;Ljava/util/Properties;)V+36
j  org.postgresql.core.v3.ConnectionFactoryImpl.enableSSL(Lorg/postgresql/core/PGStream;Lorg/postgresql/jdbc/SslMode;Ljava/util/Properties;I)Lorg/postgresql/core/PGStream;+247
j  org.postgresql.core.v3.ConnectionFactoryImpl.tryConnect(Ljava/util/Properties;Ljavax/net/SocketFactory;Lorg/postgresql/util/HostSpec;Lorg/postgresql/jdbc/SslMode;Lorg/postgresql/jdbc/GSSEncMode;)Lorg/postgresql/core/PGStream;+362
j  org.postgresql.core.v3.ConnectionFactoryImpl.openConnectionImpl([Lorg/postgresql/util/HostSpec;Ljava/util/Properties;)Lorg/postgresql/core/QueryExecutor;+233
j  org.postgresql.core.ConnectionFactory.openConnection([Lorg/postgresql/util/HostSpec;Ljava/util/Properties;)Lorg/postgresql/core/QueryExecutor;+39
j  org.postgresql.jdbc.PgConnection.<init>([Lorg/postgresql/util/HostSpec;Ljava/util/Properties;Ljava/lang/String;)V+146
j  org.postgresql.Driver.makeConnection(Ljava/lang/String;Ljava/util/Properties;)Ljava/sql/Connection;+10
j  org.postgresql.Driver.connect(Ljava/lang/String;Ljava/util/Properties;)Ljava/sql/Connection;+243
j  com.intellij.database.remote.jdbc.helpers.JdbcHelperImpl.connect(Ljava/sql/Driver;Ljava/lang/String;Ljava/util/Properties;Ljava/util/Map;)Ljava/sql/Connection;+279
j  com.intellij.database.remote.jdbc.impl.RemoteDriverImpl.connect(Ljava/lang/String;Ljava/util/Properties;Ljava/util/Map;)Lcom/intellij/database/remote/jdbc/RemoteConnection;+39
v  ~StubRoutines::call_stub
j  jdk.internal.reflect.NativeMethodAccessorImpl.invoke0(Ljava/lang/reflect/Method;Ljava/lang/Object;[Ljava/lang/Object;)Ljava/lang/Object;+0 java.base@17.0.6
j  jdk.internal.reflect.NativeMethodAccessorImpl.invoke(Ljava/lang/Object;[Ljava/lang/Object;)Ljava/lang/Object;+133 java.base@17.0.6
j  jdk.internal.reflect.DelegatingMethodAccessorImpl.invoke(Ljava/lang/Object;[Ljava/lang/Object;)Ljava/lang/Object;+6 java.base@17.0.6
j  java.lang.reflect.Method.invoke(Ljava/lang/Object;[Ljava/lang/Object;)Ljava/lang/Object;+59 java.base@17.0.6
j  sun.rmi.server.UnicastServerRef.dispatch(Ljava/rmi/Remote;Ljava/rmi/server/RemoteCall;)V+264 java.rmi@17.0.6
j  sun.rmi.transport.Transport$1.run()Ljava/lang/Void;+23 java.rmi@17.0.6
j  sun.rmi.transport.Transport$1.run()Ljava/lang/Object;+1 java.rmi@17.0.6
j  java.security.AccessController.executePrivileged(Ljava/security/PrivilegedExceptionAction;Ljava/security/AccessControlContext;Ljava/lang/Class;)Ljava/lang/Object;+29 java.base@17.0.6
j  java.security.AccessController.doPrivileged(Ljava/security/PrivilegedExceptionAction;Ljava/security/AccessControlContext;)Ljava/lang/Object;+13 java.base@17.0.6
j  sun.rmi.transport.Transport.serviceCall(Ljava/rmi/server/RemoteCall;)Z+157 java.rmi@17.0.6
j  sun.rmi.transport.tcp.TCPTransport.handleMessages(Lsun/rmi/transport/Connection;Z)V+145 java.rmi@17.0.6
j  sun.rmi.transport.tcp.TCPTransport$ConnectionHandler.run0()V+522 java.rmi@17.0.6
j  sun.rmi.transport.tcp.TCPTransport$ConnectionHandler.lambda$run$0()Ljava/lang/Void;+1 java.rmi@17.0.6
j  sun.rmi.transport.tcp.TCPTransport$ConnectionHandler$$Lambda$65+0x000000010014aa50.run()Ljava/lang/Object;+4 java.rmi@17.0.6
j  java.security.AccessController.executePrivileged(Ljava/security/PrivilegedAction;Ljava/security/AccessControlContext;Ljava/lang/Class;)Ljava/lang/Object;+29 java.base@17.0.6
j  java.security.AccessController.doPrivileged(Ljava/security/PrivilegedAction;Ljava/security/AccessControlContext;)Ljava/lang/Object;+13 java.base@17.0.6
j  sun.rmi.transport.tcp.TCPTransport$ConnectionHandler.run()V+37 java.rmi@17.0.6
j  java.util.concurrent.ThreadPoolExecutor.runWorker(Ljava/util/concurrent/ThreadPoolExecutor$Worker;)V+92 java.base@17.0.6
j  java.util.concurrent.ThreadPoolExecutor$Worker.run()V+5 java.base@17.0.6
j  java.lang.Thread.run()V+11 java.base@17.0.6
v  ~StubRoutines::call_stub

---------------  P R O C E S S  ---------------

Threads class SMR info:
_java_thread_list=0x0000023d3adc0030, length=21, elements={
0x0000023d22c670a0, 0x0000023d39d4d260, 0x0000023d39d4e9c0, 0x0000023d3a828200,
0x0000023d3a828db0, 0x0000023d3a829960, 0x0000023d3a82c320, 0x0000023d3a82d000,
0x0000023d3a842810, 0x0000023d3a847d50, 0x0000023d3a9e7cc0, 0x0000023d3a9e8190,
0x0000023d3ad92ed0, 0x0000023d3abfe860, 0x0000023d3ad8fd00, 0x0000023d3ad901d0,
0x0000023d3ad6cba0, 0x0000023d3ad6d680, 0x0000023d3adec4c0, 0x0000023d3adf21f0,
0x0000023d3ae0a9b0
}

Java Threads: ( => current thread )
  0x0000023d22c670a0 JavaThread "main" [_thread_blocked, id=28104, stack(0x0000004d21000000,0x0000004d21100000)]
  0x0000023d39d4d260 JavaThread "Reference Handler" daemon [_thread_blocked, id=27688, stack(0x0000004d21700000,0x0000004d21800000)]
  0x0000023d39d4e9c0 JavaThread "Finalizer" daemon [_thread_blocked, id=23368, stack(0x0000004d21800000,0x0000004d21900000)]
  0x0000023d3a828200 JavaThread "Signal Dispatcher" daemon [_thread_blocked, id=17352, stack(0x0000004d21900000,0x0000004d21a00000)]
  0x0000023d3a828db0 JavaThread "Attach Listener" daemon [_thread_blocked, id=27640, stack(0x0000004d21a00000,0x0000004d21b00000)]
  0x0000023d3a829960 JavaThread "Service Thread" daemon [_thread_blocked, id=21676, stack(0x0000004d21b00000,0x0000004d21c00000)]
  0x0000023d3a82c320 JavaThread "Monitor Deflation Thread" daemon [_thread_blocked, id=27208, stack(0x0000004d21c00000,0x0000004d21d00000)]
  0x0000023d3a82d000 JavaThread "C2 CompilerThread0" daemon [_thread_blocked, id=28936, stack(0x0000004d21d00000,0x0000004d21e00000)]
  0x0000023d3a842810 JavaThread "C1 CompilerThread0" daemon [_thread_blocked, id=15460, stack(0x0000004d21e00000,0x0000004d21f00000)]
  0x0000023d3a847d50 JavaThread "Sweeper thread" daemon [_thread_blocked, id=24692, stack(0x0000004d21f00000,0x0000004d22000000)]
  0x0000023d3a9e7cc0 JavaThread "Common-Cleaner" daemon [_thread_blocked, id=28460, stack(0x0000004d22000000,0x0000004d22100000)]
  0x0000023d3a9e8190 JavaThread "Notification Thread" daemon [_thread_blocked, id=22880, stack(0x0000004d22100000,0x0000004d22200000)]
  0x0000023d3ad92ed0 JavaThread "RMI TCP Accept-48762" daemon [_thread_in_native, id=21152, stack(0x0000004d22300000,0x0000004d22400000)]
  0x0000023d3abfe860 JavaThread "RMI TCP Accept-0" daemon [_thread_in_native, id=24724, stack(0x0000004d22400000,0x0000004d22500000)]
  0x0000023d3ad8fd00 JavaThread "RMI Reaper" [_thread_blocked, id=12124, stack(0x0000004d22500000,0x0000004d22600000)]
  0x0000023d3ad901d0 JavaThread "RMI GC Daemon" daemon [_thread_blocked, id=21156, stack(0x0000004d22600000,0x0000004d22700000)]
  0x0000023d3ad6cba0 JavaThread "RMI TCP Connection(1)-127.0.0.1" daemon [_thread_in_native, id=30576, stack(0x0000004d22700000,0x0000004d22800000)]
  0x0000023d3ad6d680 JavaThread "RMI TCP Connection(2)-127.0.0.1" daemon [_thread_in_native, id=26680, stack(0x0000004d22800000,0x0000004d22900000)]
  0x0000023d3adec4c0 JavaThread "RMI Scheduler(0)" daemon [_thread_blocked, id=22668, stack(0x0000004d22900000,0x0000004d22a00000)]
  0x0000023d3adf21f0 JavaThread "RMI TCP Connection(3)-127.0.0.1" daemon [_thread_in_native, id=26928, stack(0x0000004d22a00000,0x0000004d22b00000)]
=>0x0000023d3ae0a9b0 JavaThread "RMI TCP Connection(4)-127.0.0.1" daemon [_thread_in_vm, id=27136, stack(0x0000004d22b00000,0x0000004d22c00000)]

Other Threads:
  0x0000023d39d2a290 VMThread "VM Thread" [stack: 0x0000004d21600000,0x0000004d21700000] [id=23084]
  0x0000023d22cab280 WatcherThread [stack: 0x0000004d22200000,0x0000004d22300000] [id=22844]
  0x0000023d22c9ca80 GCTaskThread "GC Thread#0" [stack: 0x0000004d21100000,0x0000004d21200000] [id=27900]
  0x0000023d22ca3780 ConcurrentGCThread "G1 Main Marker" [stack: 0x0000004d21200000,0x0000004d21300000] [id=17716]
  0x0000023d22ca4190 ConcurrentGCThread "G1 Conc#0" [stack: 0x0000004d21300000,0x0000004d21400000] [id=29320]
  0x0000023d22cfdd00 ConcurrentGCThread "G1 Refine#0" [stack: 0x0000004d21400000,0x0000004d21500000] [id=20680]
  0x0000023d22cfe720 ConcurrentGCThread "G1 Service" [stack: 0x0000004d21500000,0x0000004d21600000] [id=3880]

Threads with active compile tasks:

VM state: not at safepoint (normal execution)

VM Mutex/Monitor currently owned by a thread:  ([mutex/lock_event])
[0x0000023d22c62b70] Metaspace_lock - owner thread: 0x0000023d3ae0a9b0

Heap address: 0x00000000d1200000, size: 750 MB, Compressed Oops mode: 32-bit

CDS archive(s) not mapped
Compressed class space mapped at: 0x0000000100000000-0x0000000140000000, reserved size: 1073741824
Narrow klass base: 0x0000000000000000, Narrow klass shift: 3, Narrow klass range: 0x140000000

GC Precious Log:
 CPUs: 8 total, 8 available
 Memory: 16124M
 Large Page Support: Disabled
 NUMA Support: Disabled
 Compressed Oops: Enabled (32-bit)
 Heap Region Size: 1M
 Heap Min Capacity: 128M
 Heap Initial Capacity: 128M
 Heap Max Capacity: 750M
 Pre-touch: Disabled
 Parallel Workers: 8
 Concurrent Workers: 2
 Concurrent Refinement Workers: 8
 Periodic GC: Disabled

Heap:
 garbage-first heap   total 131072K, used 14336K [0x00000000d1200000, 0x0000000100000000)
  region size 1024K, 16 young (16384K), 0 survivors (0K)
 Metaspace       used 16510K, committed 16704K, reserved 1064960K
  class space    used 1757K, committed 1856K, reserved 1048576K

Heap Regions: E=young(eden), S=young(survivor), O=old, HS=humongous(starts), HC=humongous(continues), CS=collection set, F=free, OA=open archive, CA=closed archive, TAMS=top-at-mark-start (previous, next)
|   0|0x00000000d1200000, 0x00000000d1200000, 0x00000000d1300000|  0%| F|  |TAMS 0x00000000d1200000, 0x00000000d1200000| Untracked 
|   1|0x00000000d1300000, 0x00000000d1300000, 0x00000000d1400000|  0%| F|  |TAMS 0x00000000d1300000, 0x00000000d1300000| Untracked 
|   2|0x00000000d1400000, 0x00000000d1400000, 0x00000000d1500000|  0%| F|  |TAMS 0x00000000d1400000, 0x00000000d1400000| Untracked 
|   3|0x00000000d1500000, 0x00000000d1500000, 0x00000000d1600000|  0%| F|  |TAMS 0x00000000d1500000, 0x00000000d1500000| Untracked 
|   4|0x00000000d1600000, 0x00000000d1600000, 0x00000000d1700000|  0%| F|  |TAMS 0x00000000d1600000, 0x00000000d1600000| Untracked 
|   5|0x00000000d1700000, 0x00000000d1700000, 0x00000000d1800000|  0%| F|  |TAMS 0x00000000d1700000, 0x00000000d1700000| Untracked 
|   6|0x00000000d1800000, 0x00000000d1800000, 0x00000000d1900000|  0%| F|  |TAMS 0x00000000d1800000, 0x00000000d1800000| Untracked 
|   7|0x00000000d1900000, 0x00000000d1900000, 0x00000000d1a00000|  0%| F|  |TAMS 0x00000000d1900000, 0x00000000d1900000| Untracked 
|   8|0x00000000d1a00000, 0x00000000d1a00000, 0x00000000d1b00000|  0%| F|  |TAMS 0x00000000d1a00000, 0x00000000d1a00000| Untracked 
|   9|0x00000000d1b00000, 0x00000000d1b00000, 0x00000000d1c00000|  0%| F|  |TAMS 0x00000000d1b00000, 0x00000000d1b00000| Untracked 
|  10|0x00000000d1c00000, 0x00000000d1c00000, 0x00000000d1d00000|  0%| F|  |TAMS 0x00000000d1c00000, 0x00000000d1c00000| Untracked 
|  11|0x00000000d1d00000, 0x00000000d1d00000, 0x00000000d1e00000|  0%| F|  |TAMS 0x00000000d1d00000, 0x00000000d1d00000| Untracked 
|  12|0x00000000d1e00000, 0x00000000d1e00000, 0x00000000d1f00000|  0%| F|  |TAMS 0x00000000d1e00000, 0x00000000d1e00000| Untracked 
|  13|0x00000000d1f00000, 0x00000000d1f00000, 0x00000000d2000000|  0%| F|  |TAMS 0x00000000d1f00000, 0x00000000d1f00000| Untracked 
|  14|0x00000000d2000000, 0x00000000d2000000, 0x00000000d2100000|  0%| F|  |TAMS 0x00000000d2000000, 0x00000000d2000000| Untracked 
|  15|0x00000000d2100000, 0x00000000d2100000, 0x00000000d2200000|  0%| F|  |TAMS 0x00000000d2100000, 0x00000000d2100000| Untracked 
|  16|0x00000000d2200000, 0x00000000d2200000, 0x00000000d2300000|  0%| F|  |TAMS 0x00000000d2200000, 0x00000000d2200000| Untracked 
|  17|0x00000000d2300000, 0x00000000d2300000, 0x00000000d2400000|  0%| F|  |TAMS 0x00000000d2300000, 0x00000000d2300000| Untracked 
|  18|0x00000000d2400000, 0x00000000d2400000, 0x00000000d2500000|  0%| F|  |TAMS 0x00000000d2400000, 0x00000000d2400000| Untracked 
|  19|0x00000000d2500000, 0x00000000d2500000, 0x00000000d2600000|  0%| F|  |TAMS 0x00000000d2500000, 0x00000000d2500000| Untracked 
|  20|0x00000000d2600000, 0x00000000d2600000, 0x00000000d2700000|  0%| F|  |TAMS 0x00000000d2600000, 0x00000000d2600000| Untracked 
|  21|0x00000000d2700000, 0x00000000d2700000, 0x00000000d2800000|  0%| F|  |TAMS 0x00000000d2700000, 0x00000000d2700000| Untracked 
|  22|0x00000000d2800000, 0x00000000d2800000, 0x00000000d2900000|  0%| F|  |TAMS 0x00000000d2800000, 0x00000000d2800000| Untracked 
|  23|0x00000000d2900000, 0x00000000d2900000, 0x00000000d2a00000|  0%| F|  |TAMS 0x00000000d2900000, 0x00000000d2900000| Untracked 
|  24|0x00000000d2a00000, 0x00000000d2a00000, 0x00000000d2b00000|  0%| F|  |TAMS 0x00000000d2a00000, 0x00000000d2a00000| Untracked 
|  25|0x00000000d2b00000, 0x00000000d2b00000, 0x00000000d2c00000|  0%| F|  |TAMS 0x00000000d2b00000, 0x00000000d2b00000| Untracked 
|  26|0x00000000d2c00000, 0x00000000d2c00000, 0x00000000d2d00000|  0%| F|  |TAMS 0x00000000d2c00000, 0x00000000d2c00000| Untracked 
|  27|0x00000000d2d00000, 0x00000000d2d00000, 0x00000000d2e00000|  0%| F|  |TAMS 0x00000000d2d00000, 0x00000000d2d00000| Untracked 
|  28|0x00000000d2e00000, 0x00000000d2e00000, 0x00000000d2f00000|  0%| F|  |TAMS 0x00000000d2e00000, 0x00000000d2e00000| Untracked 
|  29|0x00000000d2f00000, 0x00000000d2f00000, 0x00000000d3000000|  0%| F|  |TAMS 0x00000000d2f00000, 0x00000000d2f00000| Untracked 
|  30|0x00000000d3000000, 0x00000000d3000000, 0x00000000d3100000|  0%| F|  |TAMS 0x00000000d3000000, 0x00000000d3000000| Untracked 
|  31|0x00000000d3100000, 0x00000000d3100000, 0x00000000d3200000|  0%| F|  |TAMS 0x00000000d3100000, 0x00000000d3100000| Untracked 
|  32|0x00000000d3200000, 0x00000000d3200000, 0x00000000d3300000|  0%| F|  |TAMS 0x00000000d3200000, 0x00000000d3200000| Untracked 
|  33|0x00000000d3300000, 0x00000000d3300000, 0x00000000d3400000|  0%| F|  |TAMS 0x00000000d3300000, 0x00000000d3300000| Untracked 
|  34|0x00000000d3400000, 0x00000000d3400000, 0x00000000d3500000|  0%| F|  |TAMS 0x00000000d3400000, 0x00000000d3400000| Untracked 
|  35|0x00000000d3500000, 0x00000000d3500000, 0x00000000d3600000|  0%| F|  |TAMS 0x00000000d3500000, 0x00000000d3500000| Untracked 
|  36|0x00000000d3600000, 0x00000000d3600000, 0x00000000d3700000|  0%| F|  |TAMS 0x00000000d3600000, 0x00000000d3600000| Untracked 
|  37|0x00000000d3700000, 0x00000000d3700000, 0x00000000d3800000|  0%| F|  |TAMS 0x00000000d3700000, 0x00000000d3700000| Untracked 
|  38|0x00000000d3800000, 0x00000000d3800000, 0x00000000d3900000|  0%| F|  |TAMS 0x00000000d3800000, 0x00000000d3800000| Untracked 
|  39|0x00000000d3900000, 0x00000000d3900000, 0x00000000d3a00000|  0%| F|  |TAMS 0x00000000d3900000, 0x00000000d3900000| Untracked 
|  40|0x00000000d3a00000, 0x00000000d3a00000, 0x00000000d3b00000|  0%| F|  |TAMS 0x00000000d3a00000, 0x00000000d3a00000| Untracked 
|  41|0x00000000d3b00000, 0x00000000d3b00000, 0x00000000d3c00000|  0%| F|  |TAMS 0x00000000d3b00000, 0x00000000d3b00000| Untracked 
|  42|0x00000000d3c00000, 0x00000000d3c00000, 0x00000000d3d00000|  0%| F|  |TAMS 0x00000000d3c00000, 0x00000000d3c00000| Untracked 
|  43|0x00000000d3d00000, 0x00000000d3d00000, 0x00000000d3e00000|  0%| F|  |TAMS 0x00000000d3d00000, 0x00000000d3d00000| Untracked 
|  44|0x00000000d3e00000, 0x00000000d3e00000, 0x00000000d3f00000|  0%| F|  |TAMS 0x00000000d3e00000, 0x00000000d3e00000| Untracked 
|  45|0x00000000d3f00000, 0x00000000d3f00000, 0x00000000d4000000|  0%| F|  |TAMS 0x00000000d3f00000, 0x00000000d3f00000| Untracked 
|  46|0x00000000d4000000, 0x00000000d4000000, 0x00000000d4100000|  0%| F|  |TAMS 0x00000000d4000000, 0x00000000d4000000| Untracked 
|  47|0x00000000d4100000, 0x00000000d4100000, 0x00000000d4200000|  0%| F|  |TAMS 0x00000000d4100000, 0x00000000d4100000| Untracked 
|  48|0x00000000d4200000, 0x00000000d4200000, 0x00000000d4300000|  0%| F|  |TAMS 0x00000000d4200000, 0x00000000d4200000| Untracked 
|  49|0x00000000d4300000, 0x00000000d4300000, 0x00000000d4400000|  0%| F|  |TAMS 0x00000000d4300000, 0x00000000d4300000| Untracked 
|  50|0x00000000d4400000, 0x00000000d4400000, 0x00000000d4500000|  0%| F|  |TAMS 0x00000000d4400000, 0x00000000d4400000| Untracked 
|  51|0x00000000d4500000, 0x00000000d4500000, 0x00000000d4600000|  0%| F|  |TAMS 0x00000000d4500000, 0x00000000d4500000| Untracked 
|  52|0x00000000d4600000, 0x00000000d4600000, 0x00000000d4700000|  0%| F|  |TAMS 0x00000000d4600000, 0x00000000d4600000| Untracked 
|  53|0x00000000d4700000, 0x00000000d4700000, 0x00000000d4800000|  0%| F|  |TAMS 0x00000000d4700000, 0x00000000d4700000| Untracked 
|  54|0x00000000d4800000, 0x00000000d4800000, 0x00000000d4900000|  0%| F|  |TAMS 0x00000000d4800000, 0x00000000d4800000| Untracked 
|  55|0x00000000d4900000, 0x00000000d4900000, 0x00000000d4a00000|  0%| F|  |TAMS 0x00000000d4900000, 0x00000000d4900000| Untracked 
|  56|0x00000000d4a00000, 0x00000000d4a00000, 0x00000000d4b00000|  0%| F|  |TAMS 0x00000000d4a00000, 0x00000000d4a00000| Untracked 
|  57|0x00000000d4b00000, 0x00000000d4b00000, 0x00000000d4c00000|  0%| F|  |TAMS 0x00000000d4b00000, 0x00000000d4b00000| Untracked 
|  58|0x00000000d4c00000, 0x00000000d4c00000, 0x00000000d4d00000|  0%| F|  |TAMS 0x00000000d4c00000, 0x00000000d4c00000| Untracked 
|  59|0x00000000d4d00000, 0x00000000d4d00000, 0x00000000d4e00000|  0%| F|  |TAMS 0x00000000d4d00000, 0x00000000d4d00000| Untracked 
|  60|0x00000000d4e00000, 0x00000000d4e00000, 0x00000000d4f00000|  0%| F|  |TAMS 0x00000000d4e00000, 0x00000000d4e00000| Untracked 
|  61|0x00000000d4f00000, 0x00000000d4f00000, 0x00000000d5000000|  0%| F|  |TAMS 0x00000000d4f00000, 0x00000000d4f00000| Untracked 
|  62|0x00000000d5000000, 0x00000000d5000000, 0x00000000d5100000|  0%| F|  |TAMS 0x00000000d5000000, 0x00000000d5000000| Untracked 
|  63|0x00000000d5100000, 0x00000000d5100000, 0x00000000d5200000|  0%| F|  |TAMS 0x00000000d5100000, 0x00000000d5100000| Untracked 
|  64|0x00000000d5200000, 0x00000000d5200000, 0x00000000d5300000|  0%| F|  |TAMS 0x00000000d5200000, 0x00000000d5200000| Untracked 
|  65|0x00000000d5300000, 0x00000000d5300000, 0x00000000d5400000|  0%| F|  |TAMS 0x00000000d5300000, 0x00000000d5300000| Untracked 
|  66|0x00000000d5400000, 0x00000000d5400000, 0x00000000d5500000|  0%| F|  |TAMS 0x00000000d5400000, 0x00000000d5400000| Untracked 
|  67|0x00000000d5500000, 0x00000000d5500000, 0x00000000d5600000|  0%| F|  |TAMS 0x00000000d5500000, 0x00000000d5500000| Untracked 
|  68|0x00000000d5600000, 0x00000000d5600000, 0x00000000d5700000|  0%| F|  |TAMS 0x00000000d5600000, 0x00000000d5600000| Untracked 
|  69|0x00000000d5700000, 0x00000000d5700000, 0x00000000d5800000|  0%| F|  |TAMS 0x00000000d5700000, 0x00000000d5700000| Untracked 
|  70|0x00000000d5800000, 0x00000000d5800000, 0x00000000d5900000|  0%| F|  |TAMS 0x00000000d5800000, 0x00000000d5800000| Untracked 
|  71|0x00000000d5900000, 0x00000000d5900000, 0x00000000d5a00000|  0%| F|  |TAMS 0x00000000d5900000, 0x00000000d5900000| Untracked 
|  72|0x00000000d5a00000, 0x00000000d5a00000, 0x00000000d5b00000|  0%| F|  |TAMS 0x00000000d5a00000, 0x00000000d5a00000| Untracked 
|  73|0x00000000d5b00000, 0x00000000d5b00000, 0x00000000d5c00000|  0%| F|  |TAMS 0x00000000d5b00000, 0x00000000d5b00000| Untracked 
|  74|0x00000000d5c00000, 0x00000000d5c00000, 0x00000000d5d00000|  0%| F|  |TAMS 0x00000000d5c00000, 0x00000000d5c00000| Untracked 
|  75|0x00000000d5d00000, 0x00000000d5d00000, 0x00000000d5e00000|  0%| F|  |TAMS 0x00000000d5d00000, 0x00000000d5d00000| Untracked 
|  76|0x00000000d5e00000, 0x00000000d5e00000, 0x00000000d5f00000|  0%| F|  |TAMS 0x00000000d5e00000, 0x00000000d5e00000| Untracked 
|  77|0x00000000d5f00000, 0x00000000d5f00000, 0x00000000d6000000|  0%| F|  |TAMS 0x00000000d5f00000, 0x00000000d5f00000| Untracked 
|  78|0x00000000d6000000, 0x00000000d6000000, 0x00000000d6100000|  0%| F|  |TAMS 0x00000000d6000000, 0x00000000d6000000| Untracked 
|  79|0x00000000d6100000, 0x00000000d6100000, 0x00000000d6200000|  0%| F|  |TAMS 0x00000000d6100000, 0x00000000d6100000| Untracked 
|  80|0x00000000d6200000, 0x00000000d6200000, 0x00000000d6300000|  0%| F|  |TAMS 0x00000000d6200000, 0x00000000d6200000| Untracked 
|  81|0x00000000d6300000, 0x00000000d6300000, 0x00000000d6400000|  0%| F|  |TAMS 0x00000000d6300000, 0x00000000d6300000| Untracked 
|  82|0x00000000d6400000, 0x00000000d6400000, 0x00000000d6500000|  0%| F|  |TAMS 0x00000000d6400000, 0x00000000d6400000| Untracked 
|  83|0x00000000d6500000, 0x00000000d6500000, 0x00000000d6600000|  0%| F|  |TAMS 0x00000000d6500000, 0x00000000d6500000| Untracked 
|  84|0x00000000d6600000, 0x00000000d6600000, 0x00000000d6700000|  0%| F|  |TAMS 0x00000000d6600000, 0x00000000d6600000| Untracked 
|  85|0x00000000d6700000, 0x00000000d6700000, 0x00000000d6800000|  0%| F|  |TAMS 0x00000000d6700000, 0x00000000d6700000| Untracked 
|  86|0x00000000d6800000, 0x00000000d6800000, 0x00000000d6900000|  0%| F|  |TAMS 0x00000000d6800000, 0x00000000d6800000| Untracked 
|  87|0x00000000d6900000, 0x00000000d6900000, 0x00000000d6a00000|  0%| F|  |TAMS 0x00000000d6900000, 0x00000000d6900000| Untracked 
|  88|0x00000000d6a00000, 0x00000000d6a00000, 0x00000000d6b00000|  0%| F|  |TAMS 0x00000000d6a00000, 0x00000000d6a00000| Untracked 
|  89|0x00000000d6b00000, 0x00000000d6b00000, 0x00000000d6c00000|  0%| F|  |TAMS 0x00000000d6b00000, 0x00000000d6b00000| Untracked 
|  90|0x00000000d6c00000, 0x00000000d6c00000, 0x00000000d6d00000|  0%| F|  |TAMS 0x00000000d6c00000, 0x00000000d6c00000| Untracked 
|  91|0x00000000d6d00000, 0x00000000d6d00000, 0x00000000d6e00000|  0%| F|  |TAMS 0x00000000d6d00000, 0x00000000d6d00000| Untracked 
|  92|0x00000000d6e00000, 0x00000000d6e00000, 0x00000000d6f00000|  0%| F|  |TAMS 0x00000000d6e00000, 0x00000000d6e00000| Untracked 
|  93|0x00000000d6f00000, 0x00000000d6f00000, 0x00000000d7000000|  0%| F|  |TAMS 0x00000000d6f00000, 0x00000000d6f00000| Untracked 
|  94|0x00000000d7000000, 0x00000000d7000000, 0x00000000d7100000|  0%| F|  |TAMS 0x00000000d7000000, 0x00000000d7000000| Untracked 
|  95|0x00000000d7100000, 0x00000000d7100000, 0x00000000d7200000|  0%| F|  |TAMS 0x00000000d7100000, 0x00000000d7100000| Untracked 
|  96|0x00000000d7200000, 0x00000000d7200000, 0x00000000d7300000|  0%| F|  |TAMS 0x00000000d7200000, 0x00000000d7200000| Untracked 
|  97|0x00000000d7300000, 0x00000000d7300000, 0x00000000d7400000|  0%| F|  |TAMS 0x00000000d7300000, 0x00000000d7300000| Untracked 
|  98|0x00000000d7400000, 0x00000000d7400000, 0x00000000d7500000|  0%| F|  |TAMS 0x00000000d7400000, 0x00000000d7400000| Untracked 
|  99|0x00000000d7500000, 0x00000000d7500000, 0x00000000d7600000|  0%| F|  |TAMS 0x00000000d7500000, 0x00000000d7500000| Untracked 
| 100|0x00000000d7600000, 0x00000000d7600000, 0x00000000d7700000|  0%| F|  |TAMS 0x00000000d7600000, 0x00000000d7600000| Untracked 
| 101|0x00000000d7700000, 0x00000000d7700000, 0x00000000d7800000|  0%| F|  |TAMS 0x00000000d7700000, 0x00000000d7700000| Untracked 
| 102|0x00000000d7800000, 0x00000000d7800000, 0x00000000d7900000|  0%| F|  |TAMS 0x00000000d7800000, 0x00000000d7800000| Untracked 
| 103|0x00000000d7900000, 0x00000000d7900000, 0x00000000d7a00000|  0%| F|  |TAMS 0x00000000d7900000, 0x00000000d7900000| Untracked 
| 104|0x00000000d7a00000, 0x00000000d7a00000, 0x00000000d7b00000|  0%| F|  |TAMS 0x00000000d7a00000, 0x00000000d7a00000| Untracked 
| 105|0x00000000d7b00000, 0x00000000d7b00000, 0x00000000d7c00000|  0%| F|  |TAMS 0x00000000d7b00000, 0x00000000d7b00000| Untracked 
| 106|0x00000000d7c00000, 0x00000000d7c00000, 0x00000000d7d00000|  0%| F|  |TAMS 0x00000000d7c00000, 0x00000000d7c00000| Untracked 
| 107|0x00000000d7d00000, 0x00000000d7d00000, 0x00000000d7e00000|  0%| F|  |TAMS 0x00000000d7d00000, 0x00000000d7d00000| Untracked 
| 108|0x00000000d7e00000, 0x00000000d7e00000, 0x00000000d7f00000|  0%| F|  |TAMS 0x00000000d7e00000, 0x00000000d7e00000| Untracked 
| 109|0x00000000d7f00000, 0x00000000d7f00000, 0x00000000d8000000|  0%| F|  |TAMS 0x00000000d7f00000, 0x00000000d7f00000| Untracked 
| 110|0x00000000d8000000, 0x00000000d8000000, 0x00000000d8100000|  0%| F|  |TAMS 0x00000000d8000000, 0x00000000d8000000| Untracked 
| 111|0x00000000d8100000, 0x00000000d8100000, 0x00000000d8200000|  0%| F|  |TAMS 0x00000000d8100000, 0x00000000d8100000| Untracked 
| 112|0x00000000d8200000, 0x00000000d82ec1f8, 0x00000000d8300000| 92%| E|  |TAMS 0x00000000d8200000, 0x00000000d8200000| Complete 
| 113|0x00000000d8300000, 0x00000000d8400000, 0x00000000d8400000|100%| E|CS|TAMS 0x00000000d8300000, 0x00000000d8300000| Complete 
| 114|0x00000000d8400000, 0x00000000d8500000, 0x00000000d8500000|100%| E|CS|TAMS 0x00000000d8400000, 0x00000000d8400000| Complete 
| 115|0x00000000d8500000, 0x00000000d8600000, 0x00000000d8600000|100%| E|CS|TAMS 0x00000000d8500000, 0x00000000d8500000| Complete 
| 116|0x00000000d8600000, 0x00000000d8700000, 0x00000000d8700000|100%| E|CS|TAMS 0x00000000d8600000, 0x00000000d8600000| Complete 
| 117|0x00000000d8700000, 0x00000000d8800000, 0x00000000d8800000|100%| E|CS|TAMS 0x00000000d8700000, 0x00000000d8700000| Complete 
| 118|0x00000000d8800000, 0x00000000d8900000, 0x00000000d8900000|100%| E|CS|TAMS 0x00000000d8800000, 0x00000000d8800000| Complete 
| 119|0x00000000d8900000, 0x00000000d8a00000, 0x00000000d8a00000|100%| E|CS|TAMS 0x00000000d8900000, 0x00000000d8900000| Complete 
| 120|0x00000000d8a00000, 0x00000000d8b00000, 0x00000000d8b00000|100%| E|CS|TAMS 0x00000000d8a00000, 0x00000000d8a00000| Complete 
| 121|0x00000000d8b00000, 0x00000000d8c00000, 0x00000000d8c00000|100%| E|CS|TAMS 0x00000000d8b00000, 0x00000000d8b00000| Complete 
| 122|0x00000000d8c00000, 0x00000000d8d00000, 0x00000000d8d00000|100%| E|CS|TAMS 0x00000000d8c00000, 0x00000000d8c00000| Complete 
| 123|0x00000000d8d00000, 0x00000000d8e00000, 0x00000000d8e00000|100%| E|CS|TAMS 0x00000000d8d00000, 0x00000000d8d00000| Complete 
| 124|0x00000000d8e00000, 0x00000000d8f00000, 0x00000000d8f00000|100%| E|CS|TAMS 0x00000000d8e00000, 0x00000000d8e00000| Complete 
| 125|0x00000000d8f00000, 0x00000000d9000000, 0x00000000d9000000|100%| E|CS|TAMS 0x00000000d8f00000, 0x00000000d8f00000| Complete 
| 126|0x00000000d9000000, 0x00000000d9100000, 0x00000000d9100000|100%| E|  |TAMS 0x00000000d9000000, 0x00000000d9000000| Complete 
| 127|0x00000000d9100000, 0x00000000d9200000, 0x00000000d9200000|100%| E|CS|TAMS 0x00000000d9100000, 0x00000000d9100000| Complete 

Card table byte_map: [0x0000023d35850000,0x0000023d359d0000] _byte_map_base: 0x0000023d351c7000

Marking Bits (Prev, Next): (CMBitMap*) 0x0000023d22c9d090, (CMBitMap*) 0x0000023d22c9d0d0
 Prev Bits: [0x0000023d35b50000, 0x0000023d36708000)
 Next Bits: [0x0000023d36710000, 0x0000023d372c8000)

Polling page: 0x0000023d22400000

Metaspace:

Usage:
  Non-class:     14.41 MB used.
      Class:      1.72 MB used.
       Both:     16.12 MB used.

Virtual space:
  Non-class space:       16.00 MB reserved,      14.50 MB ( 91%) committed,  2 nodes.
      Class space:        1.00 GB reserved,       1.81 MB ( <1%) committed,  1 nodes.
             Both:        1.02 GB reserved,      16.31 MB (  2%) committed. 

Chunk freelists:
   Non-Class:  912.00 KB
       Class:  2.20 MB
        Both:  3.09 MB

MaxMetaspaceSize: unlimited
CompressedClassSpaceSize: 1.00 GB
Initial GC threshold: 21.00 MB
Current GC threshold: 21.00 MB
CDS: off
MetaspaceReclaimPolicy: balanced
 - commit_granule_bytes: 65536.
 - commit_granule_words: 8192.
 - virtual_space_node_default_size: 1048576.
 - enlarge_chunks_in_place: 1.
 - new_chunks_are_fully_committed: 0.
 - uncommit_free_chunks: 1.
 - use_allocation_guard: 0.
 - handle_deallocations: 1.


Internal statistics:

num_allocs_failed_limit: 0.
num_arena_births: 254.
num_arena_deaths: 0.
num_vsnodes_births: 3.
num_vsnodes_deaths: 0.
num_space_committed: 261.
num_space_uncommitted: 0.
num_chunks_returned_to_freelist: 0.
num_chunks_taken_from_freelist: 446.
num_chunk_merges: 0.
num_chunk_splits: 252.
num_chunks_enlarged: 110.
num_purges: 0.
num_inconsistent_stats: 0.

CodeHeap 'non-profiled nmethods': size=120000Kb used=342Kb max_used=342Kb free=119657Kb
 bounds [0x0000023d2de70000, 0x0000023d2e0e0000, 0x0000023d353a0000]
CodeHeap 'profiled nmethods': size=120000Kb used=1722Kb max_used=1722Kb free=118277Kb
 bounds [0x0000023d263a0000, 0x0000023d26610000, 0x0000023d2d8d0000]
CodeHeap 'non-nmethods': size=5760Kb used=1173Kb max_used=1191Kb free=4586Kb
 bounds [0x0000023d2d8d0000, 0x0000023d2db40000, 0x0000023d2de70000]
 total_blobs=1558 nmethods=1087 adapters=384
 compilation: enabled
              stopped_count=0, restarted_count=0
 full_count=0

Compilation events (20 events):
Event: 3.514 Thread 0x0000023d3a842810 nmethod 1079 0x0000023d26549110 code [0x0000023d265492a0, 0x0000023d26549418]
Event: 3.517 Thread 0x0000023d3a842810 1080   !   3       sun.security.jca.ProviderConfig::getProvider (322 bytes)
Event: 3.524 Thread 0x0000023d3a842810 nmethod 1080 0x0000023d26549490 code [0x0000023d26549920, 0x0000023d2654b9a8]
Event: 3.524 Thread 0x0000023d3a842810 1081       3       sun.security.jca.ProviderList::getProvider (22 bytes)
Event: 3.524 Thread 0x0000023d3a842810 nmethod 1081 0x0000023d2654c710 code [0x0000023d2654c8c0, 0x0000023d2654caa8]
Event: 3.524 Thread 0x0000023d3a842810 1082       3       java.net.URL::getDefaultPort (8 bytes)
Event: 3.525 Thread 0x0000023d3a842810 nmethod 1082 0x0000023d2654cb90 code [0x0000023d2654cd40, 0x0000023d2654cf08]
Event: 3.525 Thread 0x0000023d3a842810 1083       1       java.nio.HeapByteBuffer::isDirect (2 bytes)
Event: 3.525 Thread 0x0000023d3a842810 nmethod 1083 0x0000023d2dec3f10 code [0x0000023d2dec40a0, 0x0000023d2dec4178]
Event: 3.528 Thread 0x0000023d3a842810 1084       3       jdk.internal.misc.Unsafe::toUnsignedLong (7 bytes)
Event: 3.528 Thread 0x0000023d3a842810 nmethod 1084 0x0000023d2654d010 code [0x0000023d2654d1a0, 0x0000023d2654d298]
Event: 3.528 Thread 0x0000023d3a842810 1085       3       java.nio.HeapByteBuffer::getInt (29 bytes)
Event: 3.530 Thread 0x0000023d3a842810 nmethod 1085 0x0000023d2654d310 code [0x0000023d2654d560, 0x0000023d2654df08]
Event: 3.532 Thread 0x0000023d3a842810 1086       3       java.nio.ByteBuffer::position (6 bytes)
Event: 3.532 Thread 0x0000023d3a842810 nmethod 1086 0x0000023d2654e310 code [0x0000023d2654e4c0, 0x0000023d2654e688]
Event: 3.532 Thread 0x0000023d3a842810 1087       3       java.nio.MappedByteBuffer::position (8 bytes)
Event: 3.532 Thread 0x0000023d3a842810 nmethod 1087 0x0000023d2654e710 code [0x0000023d2654e8c0, 0x0000023d2654ea68]
Event: 3.534 Thread 0x0000023d3a82d000 nmethod 1062 0x0000023d2dec4210 code [0x0000023d2dec4420, 0x0000023d2dec4f00]
Event: 3.534 Thread 0x0000023d3a82d000 1077       4       java.util.Objects::equals (23 bytes)
Event: 3.536 Thread 0x0000023d3a82d000 nmethod 1077 0x0000023d2dec5590 code [0x0000023d2dec5700, 0x0000023d2dec5798]

GC Heap History (0 events):
No events

Dll operation events (1 events):
Event: 0.029 Loaded shared library C:\Program Files\JetBrains\IntelliJ IDEA 2023.1\jbr\bin\java.dll

Deoptimization events (20 events):
Event: 0.744 Thread 0x0000023d22c670a0 Uncommon trap: trap_request=0xffffff45 fr.pc=0x0000023d2de767b4 relative=0x0000000000000294
Event: 0.744 Thread 0x0000023d22c670a0 Uncommon trap: reason=unstable_if action=reinterpret pc=0x0000023d2de767b4 method=java.util.zip.ZipCoder$UTF8ZipCoder.checkedHash([BII)I @ 75 c2
Event: 0.744 Thread 0x0000023d22c670a0 DEOPT PACKING pc=0x0000023d2de767b4 sp=0x0000004d210fdc90
Event: 0.744 Thread 0x0000023d22c670a0 DEOPT UNPACKING pc=0x0000023d2d9269a3 sp=0x0000004d210fdc20 mode 2
Event: 0.744 Thread 0x0000023d22c670a0 Uncommon trap: trap_request=0xffffff45 fr.pc=0x0000023d2de77de8 relative=0x0000000000000168
Event: 0.744 Thread 0x0000023d22c670a0 Uncommon trap: reason=unstable_if action=reinterpret pc=0x0000023d2de77de8 method=java.util.zip.ZipFile$Source.isMetaName([BII)Z @ 15 c2
Event: 0.744 Thread 0x0000023d22c670a0 DEOPT PACKING pc=0x0000023d2de77de8 sp=0x0000004d210fdd60
Event: 0.744 Thread 0x0000023d22c670a0 DEOPT UNPACKING pc=0x0000023d2d9269a3 sp=0x0000004d210fdd08 mode 2
Event: 1.871 Thread 0x0000023d22c670a0 DEOPT PACKING pc=0x0000023d263b6ce7 sp=0x0000004d210fe680
Event: 1.871 Thread 0x0000023d22c670a0 DEOPT UNPACKING pc=0x0000023d2d927143 sp=0x0000004d210fdaa0 mode 0
Event: 1.971 Thread 0x0000023d22c670a0 DEOPT PACKING pc=0x0000023d263b32d1 sp=0x0000004d210fd6a0
Event: 1.971 Thread 0x0000023d22c670a0 DEOPT UNPACKING pc=0x0000023d2d927143 sp=0x0000004d210fcb18 mode 0
Event: 2.366 Thread 0x0000023d3ae0a9b0 Uncommon trap: trap_request=0xffffff45 fr.pc=0x0000023d2de9f710 relative=0x00000000000004f0
Event: 2.367 Thread 0x0000023d3ae0a9b0 Uncommon trap: reason=unstable_if action=reinterpret pc=0x0000023d2de9f710 method=java.lang.StringLatin1.replace([BCC)Ljava/lang/String; @ 19 c2
Event: 2.367 Thread 0x0000023d3ae0a9b0 DEOPT PACKING pc=0x0000023d2de9f710 sp=0x0000004d22bfdba0
Event: 2.367 Thread 0x0000023d3ae0a9b0 DEOPT UNPACKING pc=0x0000023d2d9269a3 sp=0x0000004d22bfdb20 mode 2
Event: 3.492 Thread 0x0000023d3ae0a9b0 Uncommon trap: trap_request=0xffffff45 fr.pc=0x0000023d2dec05e0 relative=0x0000000000000240
Event: 3.492 Thread 0x0000023d3ae0a9b0 Uncommon trap: reason=unstable_if action=reinterpret pc=0x0000023d2dec05e0 method=java.util.HashMap.putVal(ILjava/lang/Object;Ljava/lang/Object;ZZ)Ljava/lang/Object; @ 162 c2
Event: 3.492 Thread 0x0000023d3ae0a9b0 DEOPT PACKING pc=0x0000023d2dec05e0 sp=0x0000004d22bfa960
Event: 3.492 Thread 0x0000023d3ae0a9b0 DEOPT UNPACKING pc=0x0000023d2d9269a3 sp=0x0000004d22bfa910 mode 2

Classes unloaded (0 events):
No events

Classes redefined (0 events):
No events

Internal exceptions (20 events):
Event: 1.199 Thread 0x0000023d22c670a0 Exception <a 'java/lang/NoSuchMethodError'{0x00000000d8d3c050}: 'void java.lang.invoke.DirectMethodHandle$Holder.invokeInterface(java.lang.Object, java.lang.Object, java.lang.Object)'> (0x00000000d8d3c050) 
thrown [s\src\hotspot\share\interpreter\linkResolver.cpp, line 771]
Event: 1.201 Thread 0x0000023d22c670a0 Exception <a 'java/lang/IncompatibleClassChangeError'{0x00000000d8d3f4b0}: Found class java.lang.Object, but interface was expected> (0x00000000d8d3f4b0) 
thrown [s\src\hotspot\share\interpreter\linkResolver.cpp, line 838]
Event: 1.202 Thread 0x0000023d22c670a0 Exception <a 'java/lang/IncompatibleClassChangeError'{0x00000000d8d409e8}: Found class java.lang.Object, but interface was expected> (0x00000000d8d409e8) 
thrown [s\src\hotspot\share\interpreter\linkResolver.cpp, line 838]
Event: 1.202 Thread 0x0000023d22c670a0 Exception <a 'java/lang/IncompatibleClassChangeError'{0x00000000d8d41ae0}: Found class java.lang.Object, but interface was expected> (0x00000000d8d41ae0) 
thrown [s\src\hotspot\share\interpreter\linkResolver.cpp, line 838]
Event: 1.202 Thread 0x0000023d22c670a0 Exception <a 'java/lang/IncompatibleClassChangeError'{0x00000000d8d42fa0}: Found class java.lang.Object, but interface was expected> (0x00000000d8d42fa0) 
thrown [s\src\hotspot\share\interpreter\linkResolver.cpp, line 838]
Event: 1.203 Thread 0x0000023d22c670a0 Exception <a 'java/lang/IncompatibleClassChangeError'{0x00000000d8d43f58}: Found class java.lang.Object, but interface was expected> (0x00000000d8d43f58) 
thrown [s\src\hotspot\share\interpreter\linkResolver.cpp, line 838]
Event: 1.287 Thread 0x0000023d22c670a0 Exception <a 'java/lang/NoSuchMethodError'{0x00000000d8d80e30}: 'java.lang.Object java.lang.invoke.DirectMethodHandle$Holder.invokeStaticInit(java.lang.Object)'> (0x00000000d8d80e30) 
thrown [s\src\hotspot\share\interpreter\linkResolver.cpp, line 771]
Event: 1.362 Thread 0x0000023d22c670a0 Exception <a 'java/lang/NoSuchMethodError'{0x00000000d8de0140}: 'java.lang.Object java.lang.invoke.DirectMethodHandle$Holder.invokeStaticInit(java.lang.Object, int, int, int, int)'> (0x00000000d8de0140) 
thrown [s\src\hotspot\share\interpreter\linkResolver.cpp, line 771]
Event: 1.693 Thread 0x0000023d22c670a0 Exception <a 'java/lang/NoSuchMethodError'{0x00000000d8c27928}: 'java.lang.Object java.lang.invoke.DirectMethodHandle$Holder.invokeStaticInit(java.lang.Object, java.lang.Object, int, int, int, int)'> (0x00000000d8c27928) 
thrown [s\src\hotspot\share\interpreter\linkResolver.cpp, line 771]
Event: 2.058 Thread 0x0000023d22c670a0 Exception <a 'java/lang/NoSuchMethodError'{0x00000000d8a33738}: 'java.lang.Object java.lang.invoke.Invokers$Holder.linkToTargetMethod(java.lang.Object, long, java.lang.Object)'> (0x00000000d8a33738) 
thrown [s\src\hotspot\share\interpreter\linkResolver.cpp, line 771]
Event: 2.297 Thread 0x0000023d3adf21f0 Exception <a 'java/lang/NoSuchMethodError'{0x00000000d8825190}: static [B.<clinit>()V> (0x00000000d8825190) 
thrown [s\src\hotspot\share\prims\jni.cpp, line 1108]
Event: 2.297 Thread 0x0000023d3ae0a9b0 Exception <a 'java/lang/NoSuchMethodError'{0x00000000d889b250}: static [B.<clinit>()V> (0x00000000d889b250) 
thrown [s\src\hotspot\share\prims\jni.cpp, line 1108]
Event: 2.612 Thread 0x0000023d3ae0a9b0 Exception <a 'java/lang/NoSuchMethodError'{0x00000000d868ef68}: 'java.lang.Object java.lang.invoke.DirectMethodHandle$Holder.invokeVirtual(java.lang.Object, java.lang.Object, java.lang.Object, java.lang.Object)'> (0x00000000d868ef68) 
thrown [s\src\hotspot\share\interpreter\linkResolver.cpp, line 771]
Event: 2.614 Thread 0x0000023d3ae0a9b0 Exception <a 'java/lang/NoSuchMethodError'{0x00000000d8697768}: 'void java.lang.invoke.DirectMethodHandle$Holder.invokeStatic(java.lang.Object, java.lang.Object, java.lang.Object, java.lang.Object)'> (0x00000000d8697768) 
thrown [s\src\hotspot\share\interpreter\linkResolver.cpp, line 771]
Event: 2.656 Thread 0x0000023d3ae0a9b0 Exception <a 'java/lang/NoSuchMethodError'{0x00000000d8509868}: 'int java.lang.invoke.DirectMethodHandle$Holder.invokeStaticInit(java.lang.Object, java.lang.Object, java.lang.Object, java.lang.Object)'> (0x00000000d8509868) 
thrown [s\src\hotspot\share\interpreter\linkResolver.cpp, line 771]
Event: 2.659 Thread 0x0000023d3ae0a9b0 Exception <a 'java/lang/NoSuchMethodError'{0x00000000d8512d90}: 'java.lang.Object java.lang.invoke.DirectMethodHandle$Holder.invokeInterface(java.lang.Object, java.lang.Object)'> (0x00000000d8512d90) 
thrown [s\src\hotspot\share\interpreter\linkResolver.cpp, line 771]
Event: 2.660 Thread 0x0000023d3ae0a9b0 Exception <a 'java/lang/IncompatibleClassChangeError'{0x00000000d8516588}: Found class java.lang.Object, but interface was expected> (0x00000000d8516588) 
thrown [s\src\hotspot\share\interpreter\linkResolver.cpp, line 838]
Event: 2.661 Thread 0x0000023d3ae0a9b0 Exception <a 'java/lang/NoSuchMethodError'{0x00000000d8519590}: 'void java.lang.invoke.DirectMethodHandle$Holder.invokeStaticInit(java.lang.Object, java.lang.Object)'> (0x00000000d8519590) 
thrown [s\src\hotspot\share\interpreter\linkResolver.cpp, line 771]
Event: 2.665 Thread 0x0000023d3ae0a9b0 Exception <a 'java/lang/NoSuchMethodError'{0x00000000d851f4a8}: 'int java.lang.invoke.DirectMethodHandle$Holder.invokeStaticInit(java.lang.Object, java.lang.Object)'> (0x00000000d851f4a8) 
thrown [s\src\hotspot\share\interpreter\linkResolver.cpp, line 771]
Event: 3.190 Thread 0x0000023d3ae0a9b0 Exception <a 'sun/nio/fs/WindowsException'{0x00000000d84fd1f8}> (0x00000000d84fd1f8) 
thrown [s\src\hotspot\share\prims\jni.cpp, line 517]

VM Operations (20 events):
Event: 0.647 Executing VM operation: HandshakeAllThreads
Event: 0.647 Executing VM operation: HandshakeAllThreads done
Event: 1.238 Executing VM operation: HandshakeAllThreads
Event: 1.238 Executing VM operation: HandshakeAllThreads done
Event: 1.239 Executing VM operation: Cleanup
Event: 1.239 Executing VM operation: Cleanup done
Event: 2.243 Executing VM operation: Cleanup
Event: 2.244 Executing VM operation: Cleanup done
Event: 2.374 Executing VM operation: HandshakeAllThreads
Event: 2.374 Executing VM operation: HandshakeAllThreads done
Event: 3.103 Executing VM operation: HandshakeAllThreads
Event: 3.103 Executing VM operation: HandshakeAllThreads done
Event: 3.228 Executing VM operation: HandshakeAllThreads
Event: 3.228 Executing VM operation: HandshakeAllThreads done
Event: 3.379 Executing VM operation: HandshakeAllThreads
Event: 3.380 Executing VM operation: HandshakeAllThreads done
Event: 3.380 Executing VM operation: Cleanup
Event: 3.380 Executing VM operation: Cleanup done
Event: 3.403 Executing VM operation: HandshakeAllThreads
Event: 3.403 Executing VM operation: HandshakeAllThreads done

Events (20 events):
Event: 3.514 loading class javax/crypto/spec/DHParameterSpec
Event: 3.515 loading class javax/crypto/spec/DHParameterSpec done
Event: 3.515 loading class sun/security/util/SafeDHParameterSpec done
Event: 3.515 loading class com/sun/crypto/provider/DHParameters
Event: 3.516 loading class com/sun/crypto/provider/DHParameters done
Event: 3.518 loading class sun/security/provider/SHA5$SHA384
Event: 3.519 loading class sun/security/provider/SHA5
Event: 3.520 loading class sun/security/provider/SHA5 done
Event: 3.520 loading class sun/security/provider/SHA5$SHA384 done
Event: 3.521 loading class sun/security/provider/SHA5$SHA512
Event: 3.521 loading class sun/security/provider/SHA5$SHA512 done
Event: 3.525 loading class java/security/spec/EdDSAParameterSpec
Event: 3.525 loading class java/security/spec/EdDSAParameterSpec done
Event: 3.529 loading class sun/security/util/math/IntegerFieldModuloP
Event: 3.530 loading class sun/security/util/math/IntegerFieldModuloP done
Event: 3.535 loading class sun/security/util/math/intpoly/IntegerPolynomial25519
Event: 3.536 loading class sun/security/util/math/intpoly/IntegerPolynomial
Event: 3.537 loading class sun/security/util/math/intpoly/IntegerPolynomial done
Event: 3.537 loading class sun/security/util/math/intpoly/IntegerPolynomial25519 done
Event: 3.537 loading class java/math/MutableBigInteger


Dynamic libraries:
0x00007ff797130000 - 0x00007ff79713a000 	C:\Program Files\JetBrains\IntelliJ IDEA 2023.1\jbr\bin\java.exe
0x00007fff8bdb0000 - 0x00007fff8bfc7000 	C:\WINDOWS\SYSTEM32\ntdll.dll
0x00007fff8a6b0000 - 0x00007fff8a774000 	C:\WINDOWS\System32\KERNEL32.DLL
0x00007fff891d0000 - 0x00007fff89576000 	C:\WINDOWS\System32\KERNELBASE.dll
0x0000000072c30000 - 0x0000000072f62000 	C:\Program Files\Norton Security\NortonData\22.20.1.69\Definitions\IPSDefs\20231108.064\IPSEng64.dll
0x00007fff8af90000 - 0x00007fff8b040000 	C:\WINDOWS\System32\ADVAPI32.dll
0x00007fff8b690000 - 0x00007fff8b737000 	C:\WINDOWS\System32\msvcrt.dll
0x00007fff8ac10000 - 0x00007fff8acb6000 	C:\WINDOWS\System32\sechost.dll
0x00007fff8a4c0000 - 0x00007fff8a5d7000 	C:\WINDOWS\System32\RPCRT4.dll
0x00007fff8a370000 - 0x00007fff8a378000 	C:\WINDOWS\System32\PSAPI.DLL
0x00007fff89760000 - 0x00007fff89871000 	C:\WINDOWS\System32\ucrtbase.dll
0x00007fff72de0000 - 0x00007fff72df7000 	C:\Program Files\JetBrains\IntelliJ IDEA 2023.1\jbr\bin\jli.dll
0x00007fff8bbc0000 - 0x00007fff8bd6d000 	C:\WINDOWS\System32\USER32.dll
0x00007fff89130000 - 0x00007fff89156000 	C:\WINDOWS\System32\win32u.dll
0x00007fff8af60000 - 0x00007fff8af89000 	C:\WINDOWS\System32\GDI32.dll
0x00007fff74f60000 - 0x00007fff751f3000 	C:\WINDOWS\WinSxS\amd64_microsoft.windows.common-controls_6595b64144ccf1df_6.0.22621.2361_none_2712ced57382f843\COMCTL32.dll
0x00007fff89580000 - 0x00007fff89698000 	C:\WINDOWS\System32\gdi32full.dll
0x00007fff89880000 - 0x00007fff8991a000 	C:\WINDOWS\System32\msvcp_win.dll
0x00007fff82570000 - 0x00007fff8258b000 	C:\Program Files\JetBrains\IntelliJ IDEA 2023.1\jbr\bin\VCRUNTIME140.dll
0x00007fff8a670000 - 0x00007fff8a6a1000 	C:\WINDOWS\System32\IMM32.DLL
0x00007fff83d80000 - 0x00007fff83d8c000 	C:\Program Files\JetBrains\IntelliJ IDEA 2023.1\jbr\bin\vcruntime140_1.dll
0x00007fff82440000 - 0x00007fff824cd000 	C:\Program Files\JetBrains\IntelliJ IDEA 2023.1\jbr\bin\msvcp140.dll
0x00007fff28ba0000 - 0x00007fff2980d000 	C:\Program Files\JetBrains\IntelliJ IDEA 2023.1\jbr\bin\server\jvm.dll
0x00007fff7e820000 - 0x00007fff7e854000 	C:\WINDOWS\SYSTEM32\WINMM.dll
0x00007fff5f310000 - 0x00007fff5f319000 	C:\WINDOWS\SYSTEM32\WSOCK32.dll
0x00007fff87d70000 - 0x00007fff87d7a000 	C:\WINDOWS\SYSTEM32\VERSION.dll
0x00007fff8b610000 - 0x00007fff8b681000 	C:\WINDOWS\System32\WS2_32.dll
0x00007fff881c0000 - 0x00007fff881d8000 	C:\WINDOWS\SYSTEM32\kernel.appcore.dll
0x00007fff84410000 - 0x00007fff8441a000 	C:\Program Files\JetBrains\IntelliJ IDEA 2023.1\jbr\bin\jimage.dll
0x00007fff86770000 - 0x00007fff8699e000 	C:\WINDOWS\SYSTEM32\DBGHELP.DLL
0x00007fff8b0a0000 - 0x00007fff8b42a000 	C:\WINDOWS\System32\combase.dll
0x00007fff8a820000 - 0x00007fff8a8f7000 	C:\WINDOWS\System32\OLEAUT32.dll
0x00007fff675e0000 - 0x00007fff67612000 	C:\WINDOWS\SYSTEM32\dbgcore.DLL
0x00007fff89920000 - 0x00007fff8999a000 	C:\WINDOWS\System32\bcryptPrimitives.dll
0x00007fff77de0000 - 0x00007fff77e05000 	C:\Program Files\JetBrains\IntelliJ IDEA 2023.1\jbr\bin\java.dll
0x00007fff843f0000 - 0x00007fff84408000 	C:\Program Files\JetBrains\IntelliJ IDEA 2023.1\jbr\bin\zip.dll
0x00007fff89b10000 - 0x00007fff8a368000 	C:\WINDOWS\System32\SHELL32.dll
0x00007fff86da0000 - 0x00007fff87692000 	C:\WINDOWS\SYSTEM32\windows.storage.dll
0x00007fff86c60000 - 0x00007fff86d9e000 	C:\WINDOWS\SYSTEM32\wintypes.dll
0x00007fff8b430000 - 0x00007fff8b523000 	C:\WINDOWS\System32\SHCORE.dll
0x00007fff8a380000 - 0x00007fff8a3de000 	C:\WINDOWS\System32\shlwapi.dll
0x00007fff89060000 - 0x00007fff89086000 	C:\WINDOWS\SYSTEM32\profapi.dll
0x00007fff84350000 - 0x00007fff84369000 	C:\Program Files\JetBrains\IntelliJ IDEA 2023.1\jbr\bin\net.dll
0x00007fff80fe0000 - 0x00007fff81117000 	C:\WINDOWS\SYSTEM32\WINHTTP.dll
0x00007fff88690000 - 0x00007fff886f9000 	C:\WINDOWS\system32\mswsock.dll
0x00007fff83d20000 - 0x00007fff83d36000 	C:\Program Files\JetBrains\IntelliJ IDEA 2023.1\jbr\bin\nio.dll
0x00007fff879f0000 - 0x00007fff87a1d000 	C:\WINDOWS\SYSTEM32\IPHLPAPI.DLL
0x00007fff8a780000 - 0x00007fff8a789000 	C:\WINDOWS\System32\NSI.dll
0x00007fff81120000 - 0x00007fff81139000 	C:\WINDOWS\SYSTEM32\dhcpcsvc6.DLL
0x00007fff804b0000 - 0x00007fff804cf000 	C:\WINDOWS\SYSTEM32\dhcpcsvc.DLL
0x00007fff87a20000 - 0x00007fff87b19000 	C:\WINDOWS\SYSTEM32\DNSAPI.dll
0x00007fff889b0000 - 0x00007fff889cb000 	C:\WINDOWS\SYSTEM32\CRYPTSP.dll
0x00007fff88180000 - 0x00007fff881b5000 	C:\WINDOWS\system32\rsaenh.dll
0x00007fff88730000 - 0x00007fff8875c000 	C:\WINDOWS\SYSTEM32\USERENV.dll
0x00007fff88ad0000 - 0x00007fff88af8000 	C:\WINDOWS\SYSTEM32\bcrypt.dll
0x00007fff88990000 - 0x00007fff8899c000 	C:\WINDOWS\SYSTEM32\CRYPTBASE.dll
0x00007fff71c90000 - 0x00007fff71c97000 	C:\Program Files\JetBrains\IntelliJ IDEA 2023.1\jbr\bin\rmi.dll
0x00007fff80400000 - 0x00007fff8040a000 	C:\Windows\System32\rasadhlp.dll
0x00007fff7c910000 - 0x00007fff7c994000 	C:\WINDOWS\System32\fwpuclnt.dll
0x00007fff774b0000 - 0x00007fff774b9000 	C:\Program Files\JetBrains\IntelliJ IDEA 2023.1\jbr\bin\management.dll
0x00007fff774a0000 - 0x00007fff774ab000 	C:\Program Files\JetBrains\IntelliJ IDEA 2023.1\jbr\bin\management_ext.dll
0x00007fff83d00000 - 0x00007fff83d0e000 	C:\Program Files\JetBrains\IntelliJ IDEA 2023.1\jbr\bin\sunmscapi.dll
0x00007fff899a0000 - 0x00007fff89b06000 	C:\WINDOWS\System32\CRYPT32.dll
0x00007fff88aa0000 - 0x00007fff88acd000 	C:\WINDOWS\SYSTEM32\ncrypt.dll
0x00007fff88a60000 - 0x00007fff88a97000 	C:\WINDOWS\SYSTEM32\NTASN1.dll

dbghelp: loaded successfully - version: 4.0.5 - missing functions: none
symbol engine: initialized successfully - sym options: 0x614 - pdb path: .;C:\Program Files\JetBrains\IntelliJ IDEA 2023.1\jbr\bin;C:\WINDOWS\SYSTEM32;C:\Program Files\Norton Security\NortonData\22.20.1.69\Definitions\IPSDefs\20231108.064;C:\WINDOWS\WinSxS\amd64_microsoft.windows.common-controls_6595b64144ccf1df_6.0.22621.2361_none_2712ced57382f843;C:\Program Files\JetBrains\IntelliJ IDEA 2023.1\jbr\bin\server

VM Arguments:
jvm_args: -Djava.rmi.server.hostname=127.0.0.1 -Duser.timezone=UTC -Xmx750m -Xms128m --add-exports=java.desktop/sun.awt=ALL-UNNAMED --add-exports=java.desktop/java.awt.peer=ALL-UNNAMED --add-opens=java.desktop/java.awt=ALL-UNNAMED --add-opens=jdk.unsupported/sun.misc=ALL-UNNAMED --add-opens=java.base/java.nio=ALL-UNNAMED --add-opens=java.base/java.util=ALL-UNNAMED -Dfile.encoding=UTF-8 
java_command: com.intellij.database.remote.RemoteJdbcServer org.postgresql.Driver
java_class_path (initial): C:\Program Files\JetBrains\IntelliJ IDEA 2023.1\lib\util_rt.jar;C:\Program Files\JetBrains\IntelliJ IDEA 2023.1\lib\util-8.jar;C:\Program Files\JetBrains\IntelliJ IDEA 2023.1\lib\groovy.jar;C:\Program Files\JetBrains\IntelliJ IDEA 2023.1\plugins\DatabaseTools\lib\jdbc-console.jar;C:\Program Files\JetBrains\IntelliJ IDEA 2023.1\plugins\grid-core-impl\lib\jdbc-console-types.jar;C:\Program Files\JetBrains\IntelliJ IDEA 2023.1\lib\util.jar;C:\Users\binic\AppData\Roaming\JetBrains\IntelliJIdea2023.1\jdbc-drivers\PostgreSQL\42.6.0\org\postgresql\postgresql\42.6.0\postgresql-42.6.0.jar;C:\Users\binic\AppData\Roaming\JetBrains\IntelliJIdea2023.1\jdbc-drivers\PostgreSQL\42.6.0\org\checkerframework\checker-qual\3.31.0\checker-qual-3.31.0.jar;C:\Users\binic\AppData\Roaming\JetBrains\IntelliJIdea2023.1\jdbc-drivers\PostgreSQL\42.6.0\com\github\waffle\waffle-jna\1.9.1\waffle-jna-1.9.1.jar;C:\Users\binic\AppData\Roaming\JetBrains\IntelliJIdea2023.1\jdbc-drivers\PostgreSQL\42.6.0\net\java\dev\jna\jna\4.5.1\jna-4.5.1.jar;C:\Users\binic\AppData\Roaming\JetBrains\IntelliJIdea2023.1\jdbc-drivers\PostgreSQL\42.6.0\net\java\dev\jna\jna-platform\4.5.1\jna-platform-4.5.1.jar;C:\Users\binic\AppData\Roaming\JetBrains\IntelliJIdea2023.1\jdbc-drivers\PostgreSQL\42.6.0\org\slf4j\jcl-over-slf4j\1.7.25\jcl-over-slf4j-1.7.25.jar;C:\Users\binic\AppData\Roaming\JetBrains\IntelliJIdea2023.1\jdbc-drivers\PostgreSQL\42.6.0\org\slf4j\slf4j-api\1.7.25\slf4j-api-1.7.25.jar;C:\Users\binic\AppData\Roaming\JetBrains\IntelliJIdea2023.1\jdbc-drivers\PostgreSQL\42.6.0\com\github\ben-manes\caffeine\caffeine\2.6.2\caffeine-2.6.2.jar
Launcher Type: SUN_STANDARD

[Global flags]
     intx CICompilerCount                          = 4                                         {product} {ergonomic}
     uint ConcGCThreads                            = 2                                         {product} {ergonomic}
     uint G1ConcRefinementThreads                  = 8                                         {product} {ergonomic}
   size_t G1HeapRegionSize                         = 1048576                                   {product} {ergonomic}
    uintx GCDrainStackTargetSize                   = 64                                        {product} {ergonomic}
   size_t InitialHeapSize                          = 134217728                                 {product} {command line}
   size_t MarkStackSize                            = 4194304                                   {product} {ergonomic}
   size_t MaxHeapSize                              = 786432000                                 {product} {command line}
   size_t MaxNewSize                               = 471859200                                 {product} {ergonomic}
   size_t MinHeapDeltaBytes                        = 1048576                                   {product} {ergonomic}
   size_t MinHeapSize                              = 134217728                                 {product} {command line}
    uintx NonNMethodCodeHeapSize                   = 5839372                                {pd product} {ergonomic}
    uintx NonProfiledCodeHeapSize                  = 122909434                              {pd product} {ergonomic}
    uintx ProfiledCodeHeapSize                     = 122909434                              {pd product} {ergonomic}
    uintx ReservedCodeCacheSize                    = 251658240                              {pd product} {ergonomic}
     bool SegmentedCodeCache                       = true                                      {product} {ergonomic}
   size_t SoftMaxHeapSize                          = 786432000                              {manageable} {ergonomic}
     bool UseCompressedClassPointers               = true                           {product lp64_product} {ergonomic}
     bool UseCompressedOops                        = true                           {product lp64_product} {ergonomic}
     bool UseG1GC                                  = true                                      {product} {ergonomic}
     bool UseLargePagesIndividualAllocation        = false                                  {pd product} {ergonomic}

Logging:
Log output configuration:
 #0: stdout all=warning uptime,level,tags
 #1: stderr all=off uptime,level,tags

Environment Variables:
JAVA_HOME=C:\Users\binic\AppData\Local\Programs\Eclipse Adoptium\jdk-17.0.5.8-hotspot\
PATH=C:\Program Files\Microsoft\jdk-17.0.5.8-hotspot\bin;C:\Program Files (x86)\Python\Scripts\;C:\Program Files (x86)\Python\;C:\WINDOWS\system32;C:\WINDOWS;C:\WINDOWS\System32\Wbem;C:\WINDOWS\System32\WindowsPowerShell\v1.0\;C:\WINDOWS\System32\OpenSSH\;C:\Apps\Boxcryptor\bin\;C:\Program Files\dotnet\;C:\Apps\gradle\gradle-8.0.2\bin;C:\ProgramData\chocolatey\bin;C:\Program Files\Git\cmd;C:\Program Files\Docker\Docker\resources\bin;C:\Program Files\PowerShell\7\;C:\Users\binic\AppData\Local\Programs\Eclipse Adoptium\jdk-17.0.5.8-hotspot\bin;C:\Users\binic\AppData\Local\Microsoft\WindowsApps;C:\Users\binic\AppData\Local\Programs\Microsoft VS Code\bin;C:\Program Files\JetBrains\IntelliJ IDEA 2023.1\bin;;C:\Users\binic\AppData\Local\GitHubDesktop\bin
USERNAME=binic
OS=Windows_NT
PROCESSOR_IDENTIFIER=Intel64 Family 6 Model 142 Stepping 12, GenuineIntel
TMP=C:\Users\binic\AppData\Local\Temp
TEMP=C:\Users\binic\AppData\Local\Temp



---------------  S Y S T E M  ---------------

OS:
 Windows 11 , 64 bit Build 22621 (10.0.22621.2428)
OS uptime: 3 days 21:06 hours
Hyper-V role detected

CPU: total 8 (initial active 8) (4 cores per cpu, 2 threads per core) family 6 model 142 stepping 12 microcode 0xea, cx8, cmov, fxsr, ht, mmx, 3dnowpref, sse, sse2, sse3, ssse3, sse4.1, sse4.2, popcnt, lzcnt, tsc, tscinvbit, avx, avx2, aes, erms, clmul, bmi1, bmi2, adx, fma, vzeroupper, clflush, clflushopt, hv

Memory: 4k page, system-wide physical 16124M (3309M free)
TotalPageFile size 19035M (AvailPageFile size 5M)
current process WorkingSet (physical memory assigned to process): 72M, peak: 72M
current process commit charge ("private bytes"): 223M, peak: 223M

vm_info: OpenJDK 64-Bit Server VM (17.0.6+10-b829.5) for windows-amd64 JRE (17.0.6+10-b829.5), built on 2023-02-24 by "builduser" with MS VC++ 16.10 / 16.11 (VS2019)

END.
