#
# There is insufficient memory for the Java Runtime Environment to continue.
# Native memory allocation (malloc) failed to allocate 559056 bytes for Chunk::new
# Possible reasons:
#   The system is out of physical RAM or swap space
#   The process is running with CompressedOops enabled, and the Java Heap may be blocking the growth of the native heap
# Possible solutions:
#   Reduce memory load on the system
#   Increase physical memory or swap space
#   Check if swap backing store is full
#   Decrease Java heap size (-Xmx/-Xms)
#   Decrease number of Java threads
#   Decrease Java thread stack sizes (-Xss)
#   Set larger code cache with -XX:ReservedCodeCacheSize=
#   JVM is running with Unscaled Compressed Oops mode in which the Java heap is
#     placed in the first 4GB address space. The Java Heap base address is the
#     maximum limit for the native heap growth. Please use -XX:HeapBaseMinAddress
#     to set the Java Heap base and to place the Java Heap above 4GB virtual address.
# This output file may be truncated or incomplete.
#
#  Out of Memory Error (arena.cpp:168), pid=4844, tid=24972
#
# JRE version: OpenJDK Runtime Environment (21.0.1+12) (build 21.0.1+12-29)
# Java VM: OpenJDK 64-Bit Server VM (21.0.1+12-29, mixed mode, sharing, tiered, compressed oops, compressed class ptrs, g1 gc, windows-amd64)
# No core dump will be written. Minidumps are not enabled by default on client versions of Windows
#

---------------  S U M M A R Y ------------

Command Line: --add-opens=java.base/java.util.concurrent.atomic=ALL-UNNAMED -XX:MaxMetaspaceSize=384m -XX:+HeapDumpOnOutOfMemoryError --add-opens=java.base/java.util=ALL-UNNAMED --add-opens=java.base/java.lang=ALL-UNNAMED --add-opens=java.base/java.lang.invoke=ALL-UNNAMED --add-opens=java.prefs/java.util.prefs=ALL-UNNAMED --add-opens=java.base/java.nio.charset=ALL-UNNAMED --add-opens=java.base/java.net=ALL-UNNAMED --add-opens=java.base/java.util.concurrent.atomic=ALL-UNNAMED -Xms256m -Xmx512m -Dfile.encoding=windows-1252 -Duser.country=DE -Duser.language=de -Duser.variant -javaagent:C:\Users\binic\.gradle\wrapper\dists\gradle-8.3-bin\dxjbbhstwasg8cbags9q7cvli\gradle-8.3\lib\agents\gradle-instrumentation-agent-8.3.jar org.gradle.launcher.daemon.bootstrap.GradleDaemon 8.3

Host: Intel(R) Core(TM) i5-8265U CPU @ 1.60GHz, 8 cores, 15G,  Windows 11 , 64 bit Build 22621 (10.0.22621.2506)
Time: Tue Nov 28 14:38:50 2023 Mitteleuropäische Zeit elapsed time: 2.867347 seconds (0d 0h 0m 2s)

---------------  T H R E A D  ---------------

Current thread (0x000001a6ff2c9eb0):  JavaThread "C2 CompilerThread0" daemon [_thread_in_native, id=24972, stack(0x0000001b6fc00000,0x0000001b6fd00000) (1024K)]


Current CompileTask:
C2:   2867 2570       4       jdk.internal.org.objectweb.asm.SymbolTable::addConstantMemberReference (147 bytes)

Stack: [0x0000001b6fc00000,0x0000001b6fd00000]
Native frames: (J=compiled Java code, j=interpreted, Vv=VM code, C=native code)
V  [jvm.dll+0x6c9029]
V  [jvm.dll+0x854b81]
V  [jvm.dll+0x856e5e]
V  [jvm.dll+0x857543]
V  [jvm.dll+0x280c06]
V  [jvm.dll+0xc3ead]
V  [jvm.dll+0xc43c3]
V  [jvm.dll+0x3b5732]
V  [jvm.dll+0x382475]
V  [jvm.dll+0x3818ea]
V  [jvm.dll+0x249ad0]
V  [jvm.dll+0x2490b1]
V  [jvm.dll+0x1c9ca1]
V  [jvm.dll+0x2586b9]
V  [jvm.dll+0x256c9a]
V  [jvm.dll+0x3ef1b6]
V  [jvm.dll+0x7fd728]
V  [jvm.dll+0x6c777d]
C  [ucrtbase.dll+0x29363]
C  [KERNEL32.DLL+0x1257d]
C  [ntdll.dll+0x5aa58]


---------------  P R O C E S S  ---------------

Threads class SMR info:
_java_thread_list=0x000001a6a93aa450, length=24, elements={
0x000001a6f358fe40, 0x000001a6ff2b89c0, 0x000001a6ff2ba550, 0x000001a6ff16cef0,
0x000001a6ff2bf050, 0x000001a6ff2bcf80, 0x000001a6ff2bd610, 0x000001a6ff2c9eb0,
0x000001a6ff300800, 0x000001a6ff2bf6e0, 0x000001a6ff2be330, 0x000001a6ff2bdca0,
0x000001a6ff2be9c0, 0x000001a6ff2bfd70, 0x000001a6a91163e0, 0x000001a6a9112f60,
0x000001a6a9114310, 0x000001a6a91135f0, 0x000001a6a91149a0, 0x000001a6a9113c80,
0x000001a6a9115030, 0x000001a6a91156c0, 0x000001a6a9115d50, 0x000001a6a93a3f80
}

Java Threads: ( => current thread )
  0x000001a6f358fe40 JavaThread "main"                              [_thread_blocked, id=30540, stack(0x0000001b6ee00000,0x0000001b6ef00000) (1024K)]
  0x000001a6ff2b89c0 JavaThread "Reference Handler"          daemon [_thread_blocked, id=2280, stack(0x0000001b6f600000,0x0000001b6f700000) (1024K)]
  0x000001a6ff2ba550 JavaThread "Finalizer"                  daemon [_thread_blocked, id=8932, stack(0x0000001b6f700000,0x0000001b6f800000) (1024K)]
  0x000001a6ff16cef0 JavaThread "Signal Dispatcher"          daemon [_thread_blocked, id=30604, stack(0x0000001b6f800000,0x0000001b6f900000) (1024K)]
  0x000001a6ff2bf050 JavaThread "Attach Listener"            daemon [_thread_blocked, id=30484, stack(0x0000001b6f900000,0x0000001b6fa00000) (1024K)]
  0x000001a6ff2bcf80 JavaThread "Service Thread"             daemon [_thread_blocked, id=22364, stack(0x0000001b6fa00000,0x0000001b6fb00000) (1024K)]
  0x000001a6ff2bd610 JavaThread "Monitor Deflation Thread"   daemon [_thread_blocked, id=2664, stack(0x0000001b6fb00000,0x0000001b6fc00000) (1024K)]
=>0x000001a6ff2c9eb0 JavaThread "C2 CompilerThread0"         daemon [_thread_in_native, id=24972, stack(0x0000001b6fc00000,0x0000001b6fd00000) (1024K)]
  0x000001a6ff300800 JavaThread "C1 CompilerThread0"         daemon [_thread_blocked, id=9464, stack(0x0000001b6fd00000,0x0000001b6fe00000) (1024K)]
  0x000001a6ff2bf6e0 JavaThread "Common-Cleaner"             daemon [_thread_blocked, id=23796, stack(0x0000001b6fe00000,0x0000001b6ff00000) (1024K)]
  0x000001a6ff2be330 JavaThread "Notification Thread"        daemon [_thread_blocked, id=12540, stack(0x0000001b6ff00000,0x0000001b70000000) (1024K)]
  0x000001a6ff2bdca0 JavaThread "Daemon health stats"               [_thread_blocked, id=12488, stack(0x0000001b70600000,0x0000001b70700000) (1024K)]
  0x000001a6ff2be9c0 JavaThread "Incoming local TCP Connector on port 58380"        [_thread_in_native, id=28316, stack(0x0000001b70700000,0x0000001b70800000) (1024K)]
  0x000001a6ff2bfd70 JavaThread "Daemon periodic checks"            [_thread_blocked, id=27964, stack(0x0000001b70800000,0x0000001b70900000) (1024K)]
  0x000001a6a91163e0 JavaThread "Daemon"                            [_thread_blocked, id=10312, stack(0x0000001b70900000,0x0000001b70a00000) (1024K)]
  0x000001a6a9112f60 JavaThread "Handler for socket connection from /127.0.0.1:58380 to /127.0.0.1:58381"        [_thread_in_native, id=24080, stack(0x0000001b70a00000,0x0000001b70b00000) (1024K)]
  0x000001a6a9114310 JavaThread "Cancel handler"                    [_thread_blocked, id=13068, stack(0x0000001b70b00000,0x0000001b70c00000) (1024K)]
  0x000001a6a91135f0 JavaThread "Daemon worker"                     [_thread_in_vm, id=14416, stack(0x0000001b70c00000,0x0000001b70d00000) (1024K)]
  0x000001a6a91149a0 JavaThread "Asynchronous log dispatcher for DefaultDaemonConnection: socket connection from /127.0.0.1:58380 to /127.0.0.1:58381"        [_thread_in_native, id=30160, stack(0x0000001b70d00000,0x0000001b70e00000) (1024K)]
  0x000001a6a9113c80 JavaThread "Stdin handler"                     [_thread_blocked, id=11164, stack(0x0000001b70e00000,0x0000001b70f00000) (1024K)]
  0x000001a6a9115030 JavaThread "Daemon client event forwarder"        [_thread_blocked, id=19224, stack(0x0000001b70f00000,0x0000001b71000000) (1024K)]
  0x000001a6a91156c0 JavaThread "Cache worker for journal cache (C:\Users\binic\.gradle\caches\journal-1)"        [_thread_blocked, id=17384, stack(0x0000001b70000000,0x0000001b70100000) (1024K)]
  0x000001a6a9115d50 JavaThread "File lock request listener"        [_thread_in_native, id=30504, stack(0x0000001b71000000,0x0000001b71100000) (1024K)]
  0x000001a6a93a3f80 JavaThread "C2 CompilerThread1"         daemon [_thread_blocked, id=27592, stack(0x0000001b71100000,0x0000001b71200000) (1024K)]
Total: 24

Other Threads:
  0x000001a6ff157a90 VMThread "VM Thread"                           [id=30236, stack(0x0000001b6f500000,0x0000001b6f600000) (1024K)]
  0x000001a6ff13f560 WatcherThread "VM Periodic Task Thread"        [id=28928, stack(0x0000001b6f400000,0x0000001b6f500000) (1024K)]
  0x000001a6f35bb050 WorkerThread "GC Thread#0"                     [id=24464, stack(0x0000001b6ef00000,0x0000001b6f000000) (1024K)]
  0x000001a6ff81f5c0 WorkerThread "GC Thread#1"                     [id=22280, stack(0x0000001b70100000,0x0000001b70200000) (1024K)]
  0x000001a6ff81f960 WorkerThread "GC Thread#2"                     [id=11204, stack(0x0000001b70200000,0x0000001b70300000) (1024K)]
  0x000001a6ff81fd00 WorkerThread "GC Thread#3"                     [id=800, stack(0x0000001b70300000,0x0000001b70400000) (1024K)]
  0x000001a6a833a190 WorkerThread "GC Thread#4"                     [id=22472, stack(0x0000001b70400000,0x0000001b70500000) (1024K)]
  0x000001a6a833a530 WorkerThread "GC Thread#5"                     [id=11588, stack(0x0000001b70500000,0x0000001b70600000) (1024K)]
  0x000001a6f35c0030 ConcurrentGCThread "G1 Main Marker"            [id=22344, stack(0x0000001b6f000000,0x0000001b6f100000) (1024K)]
  0x000001a6f35c1200 WorkerThread "G1 Conc#0"                       [id=3992, stack(0x0000001b6f100000,0x0000001b6f200000) (1024K)]
  0x000001a6ff012a10 ConcurrentGCThread "G1 Refine#0"               [id=25304, stack(0x0000001b6f200000,0x0000001b6f300000) (1024K)]
  0x000001a6ff012fa0 ConcurrentGCThread "G1 Service"                [id=19184, stack(0x0000001b6f300000,0x0000001b6f400000) (1024K)]
Total: 12

Threads with active compile tasks:
C2 CompilerThread0     2901 2570       4       jdk.internal.org.objectweb.asm.SymbolTable::addConstantMemberReference (147 bytes)
Total: 1

VM state: not at safepoint (normal execution)

VM Mutex/Monitor currently owned by a thread: None

Heap address: 0x00000000e0000000, size: 512 MB, Compressed Oops mode: 32-bit

CDS archive(s) mapped at: [0x000001a68f000000-0x000001a68fc90000-0x000001a68fc90000), size 13172736, SharedBaseAddress: 0x000001a68f000000, ArchiveRelocationMode: 1.
Compressed class space mapped at: 0x000001a690000000-0x000001a6a4000000, reserved size: 335544320
Narrow klass base: 0x000001a68f000000, Narrow klass shift: 0, Narrow klass range: 0x100000000

GC Precious Log:
 CardTable entry size: 512
 Card Set container configuration: InlinePtr #cards 5 size 8 Array Of Cards #cards 12 size 40 Howl #buckets 4 coarsen threshold 1843 Howl Bitmap #cards 512 size 80 coarsen threshold 460 Card regions per heap region 1 cards per card region 2048
 CPUs: 8 total, 8 available
 Memory: 16124M
 Large Page Support: Disabled
 NUMA Support: Disabled
 Compressed Oops: Enabled (32-bit)
 Heap Region Size: 1M
 Heap Min Capacity: 256M
 Heap Initial Capacity: 256M
 Heap Max Capacity: 512M
 Pre-touch: Disabled
 Parallel Workers: 8
 Concurrent Workers: 2
 Concurrent Refinement Workers: 8
 Periodic GC: Disabled

Heap:
 garbage-first heap   total 262144K, used 75618K [0x00000000e0000000, 0x0000000100000000)
  region size 1024K, 65 young (66560K), 3 survivors (3072K)
 Metaspace       used 15314K, committed 15808K, reserved 393216K
  class space    used 2128K, committed 2368K, reserved 327680K

Heap Regions: E=young(eden), S=young(survivor), O=old, HS=humongous(starts), HC=humongous(continues), CS=collection set, F=free, TAMS=top-at-mark-start, PB=parsable bottom
|   0|0x00000000e0000000, 0x00000000e0100000, 0x00000000e0100000|100%|HS|  |TAMS 0x00000000e0000000| PB 0x00000000e0000000| Complete 
|   1|0x00000000e0100000, 0x00000000e0200000, 0x00000000e0200000|100%|HC|  |TAMS 0x00000000e0100000| PB 0x00000000e0100000| Complete 
|   2|0x00000000e0200000, 0x00000000e0300000, 0x00000000e0300000|100%|HC|  |TAMS 0x00000000e0200000| PB 0x00000000e0200000| Complete 
|   3|0x00000000e0300000, 0x00000000e0400000, 0x00000000e0400000|100%|HC|  |TAMS 0x00000000e0300000| PB 0x00000000e0300000| Complete 
|   4|0x00000000e0400000, 0x00000000e0500000, 0x00000000e0500000|100%| O|  |TAMS 0x00000000e0400000| PB 0x00000000e0400000| Untracked 
|   5|0x00000000e0500000, 0x00000000e0600000, 0x00000000e0600000|100%| O|  |TAMS 0x00000000e0500000| PB 0x00000000e0500000| Untracked 
|   6|0x00000000e0600000, 0x00000000e0700000, 0x00000000e0700000|100%| O|  |TAMS 0x00000000e0600000| PB 0x00000000e0600000| Untracked 
|   7|0x00000000e0700000, 0x00000000e0800000, 0x00000000e0800000|100%| O|  |TAMS 0x00000000e0700000| PB 0x00000000e0700000| Untracked 
|   8|0x00000000e0800000, 0x00000000e0800000, 0x00000000e0900000|  0%| F|  |TAMS 0x00000000e0800000| PB 0x00000000e0800000| Untracked 
|   9|0x00000000e0900000, 0x00000000e0a00000, 0x00000000e0a00000|100%| O|  |TAMS 0x00000000e0900000| PB 0x00000000e0900000| Untracked 
|  10|0x00000000e0a00000, 0x00000000e0b00000, 0x00000000e0b00000|100%| O|  |TAMS 0x00000000e0a00000| PB 0x00000000e0a00000| Untracked 
|  11|0x00000000e0b00000, 0x00000000e0ba62c8, 0x00000000e0c00000| 64%| O|  |TAMS 0x00000000e0b00000| PB 0x00000000e0b00000| Untracked 
|  12|0x00000000e0c00000, 0x00000000e0c00000, 0x00000000e0d00000|  0%| F|  |TAMS 0x00000000e0c00000| PB 0x00000000e0c00000| Untracked 
|  13|0x00000000e0d00000, 0x00000000e0d00000, 0x00000000e0e00000|  0%| F|  |TAMS 0x00000000e0d00000| PB 0x00000000e0d00000| Untracked 
|  14|0x00000000e0e00000, 0x00000000e0e00000, 0x00000000e0f00000|  0%| F|  |TAMS 0x00000000e0e00000| PB 0x00000000e0e00000| Untracked 
|  15|0x00000000e0f00000, 0x00000000e0f00000, 0x00000000e1000000|  0%| F|  |TAMS 0x00000000e0f00000| PB 0x00000000e0f00000| Untracked 
|  16|0x00000000e1000000, 0x00000000e1000000, 0x00000000e1100000|  0%| F|  |TAMS 0x00000000e1000000| PB 0x00000000e1000000| Untracked 
|  17|0x00000000e1100000, 0x00000000e1100000, 0x00000000e1200000|  0%| F|  |TAMS 0x00000000e1100000| PB 0x00000000e1100000| Untracked 
|  18|0x00000000e1200000, 0x00000000e1200000, 0x00000000e1300000|  0%| F|  |TAMS 0x00000000e1200000| PB 0x00000000e1200000| Untracked 
|  19|0x00000000e1300000, 0x00000000e1300000, 0x00000000e1400000|  0%| F|  |TAMS 0x00000000e1300000| PB 0x00000000e1300000| Untracked 
|  20|0x00000000e1400000, 0x00000000e1400000, 0x00000000e1500000|  0%| F|  |TAMS 0x00000000e1400000| PB 0x00000000e1400000| Untracked 
|  21|0x00000000e1500000, 0x00000000e1500000, 0x00000000e1600000|  0%| F|  |TAMS 0x00000000e1500000| PB 0x00000000e1500000| Untracked 
|  22|0x00000000e1600000, 0x00000000e1600000, 0x00000000e1700000|  0%| F|  |TAMS 0x00000000e1600000| PB 0x00000000e1600000| Untracked 
|  23|0x00000000e1700000, 0x00000000e1700000, 0x00000000e1800000|  0%| F|  |TAMS 0x00000000e1700000| PB 0x00000000e1700000| Untracked 
|  24|0x00000000e1800000, 0x00000000e1800000, 0x00000000e1900000|  0%| F|  |TAMS 0x00000000e1800000| PB 0x00000000e1800000| Untracked 
|  25|0x00000000e1900000, 0x00000000e1900000, 0x00000000e1a00000|  0%| F|  |TAMS 0x00000000e1900000| PB 0x00000000e1900000| Untracked 
|  26|0x00000000e1a00000, 0x00000000e1a00000, 0x00000000e1b00000|  0%| F|  |TAMS 0x00000000e1a00000| PB 0x00000000e1a00000| Untracked 
|  27|0x00000000e1b00000, 0x00000000e1b00000, 0x00000000e1c00000|  0%| F|  |TAMS 0x00000000e1b00000| PB 0x00000000e1b00000| Untracked 
|  28|0x00000000e1c00000, 0x00000000e1c00000, 0x00000000e1d00000|  0%| F|  |TAMS 0x00000000e1c00000| PB 0x00000000e1c00000| Untracked 
|  29|0x00000000e1d00000, 0x00000000e1d00000, 0x00000000e1e00000|  0%| F|  |TAMS 0x00000000e1d00000| PB 0x00000000e1d00000| Untracked 
|  30|0x00000000e1e00000, 0x00000000e1e00000, 0x00000000e1f00000|  0%| F|  |TAMS 0x00000000e1e00000| PB 0x00000000e1e00000| Untracked 
|  31|0x00000000e1f00000, 0x00000000e1f00000, 0x00000000e2000000|  0%| F|  |TAMS 0x00000000e1f00000| PB 0x00000000e1f00000| Untracked 
|  32|0x00000000e2000000, 0x00000000e2000000, 0x00000000e2100000|  0%| F|  |TAMS 0x00000000e2000000| PB 0x00000000e2000000| Untracked 
|  33|0x00000000e2100000, 0x00000000e2100000, 0x00000000e2200000|  0%| F|  |TAMS 0x00000000e2100000| PB 0x00000000e2100000| Untracked 
|  34|0x00000000e2200000, 0x00000000e2200000, 0x00000000e2300000|  0%| F|  |TAMS 0x00000000e2200000| PB 0x00000000e2200000| Untracked 
|  35|0x00000000e2300000, 0x00000000e2300000, 0x00000000e2400000|  0%| F|  |TAMS 0x00000000e2300000| PB 0x00000000e2300000| Untracked 
|  36|0x00000000e2400000, 0x00000000e2400000, 0x00000000e2500000|  0%| F|  |TAMS 0x00000000e2400000| PB 0x00000000e2400000| Untracked 
|  37|0x00000000e2500000, 0x00000000e2500000, 0x00000000e2600000|  0%| F|  |TAMS 0x00000000e2500000| PB 0x00000000e2500000| Untracked 
|  38|0x00000000e2600000, 0x00000000e2600000, 0x00000000e2700000|  0%| F|  |TAMS 0x00000000e2600000| PB 0x00000000e2600000| Untracked 
|  39|0x00000000e2700000, 0x00000000e2700000, 0x00000000e2800000|  0%| F|  |TAMS 0x00000000e2700000| PB 0x00000000e2700000| Untracked 
|  40|0x00000000e2800000, 0x00000000e2800000, 0x00000000e2900000|  0%| F|  |TAMS 0x00000000e2800000| PB 0x00000000e2800000| Untracked 
|  41|0x00000000e2900000, 0x00000000e2900000, 0x00000000e2a00000|  0%| F|  |TAMS 0x00000000e2900000| PB 0x00000000e2900000| Untracked 
|  42|0x00000000e2a00000, 0x00000000e2a00000, 0x00000000e2b00000|  0%| F|  |TAMS 0x00000000e2a00000| PB 0x00000000e2a00000| Untracked 
|  43|0x00000000e2b00000, 0x00000000e2b00000, 0x00000000e2c00000|  0%| F|  |TAMS 0x00000000e2b00000| PB 0x00000000e2b00000| Untracked 
|  44|0x00000000e2c00000, 0x00000000e2c00000, 0x00000000e2d00000|  0%| F|  |TAMS 0x00000000e2c00000| PB 0x00000000e2c00000| Untracked 
|  45|0x00000000e2d00000, 0x00000000e2d00000, 0x00000000e2e00000|  0%| F|  |TAMS 0x00000000e2d00000| PB 0x00000000e2d00000| Untracked 
|  46|0x00000000e2e00000, 0x00000000e2e00000, 0x00000000e2f00000|  0%| F|  |TAMS 0x00000000e2e00000| PB 0x00000000e2e00000| Untracked 
|  47|0x00000000e2f00000, 0x00000000e2f00000, 0x00000000e3000000|  0%| F|  |TAMS 0x00000000e2f00000| PB 0x00000000e2f00000| Untracked 
|  48|0x00000000e3000000, 0x00000000e3000000, 0x00000000e3100000|  0%| F|  |TAMS 0x00000000e3000000| PB 0x00000000e3000000| Untracked 
|  49|0x00000000e3100000, 0x00000000e3100000, 0x00000000e3200000|  0%| F|  |TAMS 0x00000000e3100000| PB 0x00000000e3100000| Untracked 
|  50|0x00000000e3200000, 0x00000000e3200000, 0x00000000e3300000|  0%| F|  |TAMS 0x00000000e3200000| PB 0x00000000e3200000| Untracked 
|  51|0x00000000e3300000, 0x00000000e3300000, 0x00000000e3400000|  0%| F|  |TAMS 0x00000000e3300000| PB 0x00000000e3300000| Untracked 
|  52|0x00000000e3400000, 0x00000000e3400000, 0x00000000e3500000|  0%| F|  |TAMS 0x00000000e3400000| PB 0x00000000e3400000| Untracked 
|  53|0x00000000e3500000, 0x00000000e3500000, 0x00000000e3600000|  0%| F|  |TAMS 0x00000000e3500000| PB 0x00000000e3500000| Untracked 
|  54|0x00000000e3600000, 0x00000000e3600000, 0x00000000e3700000|  0%| F|  |TAMS 0x00000000e3600000| PB 0x00000000e3600000| Untracked 
|  55|0x00000000e3700000, 0x00000000e3700000, 0x00000000e3800000|  0%| F|  |TAMS 0x00000000e3700000| PB 0x00000000e3700000| Untracked 
|  56|0x00000000e3800000, 0x00000000e3800000, 0x00000000e3900000|  0%| F|  |TAMS 0x00000000e3800000| PB 0x00000000e3800000| Untracked 
|  57|0x00000000e3900000, 0x00000000e3900000, 0x00000000e3a00000|  0%| F|  |TAMS 0x00000000e3900000| PB 0x00000000e3900000| Untracked 
|  58|0x00000000e3a00000, 0x00000000e3a00000, 0x00000000e3b00000|  0%| F|  |TAMS 0x00000000e3a00000| PB 0x00000000e3a00000| Untracked 
|  59|0x00000000e3b00000, 0x00000000e3b00000, 0x00000000e3c00000|  0%| F|  |TAMS 0x00000000e3b00000| PB 0x00000000e3b00000| Untracked 
|  60|0x00000000e3c00000, 0x00000000e3c00000, 0x00000000e3d00000|  0%| F|  |TAMS 0x00000000e3c00000| PB 0x00000000e3c00000| Untracked 
|  61|0x00000000e3d00000, 0x00000000e3d00000, 0x00000000e3e00000|  0%| F|  |TAMS 0x00000000e3d00000| PB 0x00000000e3d00000| Untracked 
|  62|0x00000000e3e00000, 0x00000000e3e00000, 0x00000000e3f00000|  0%| F|  |TAMS 0x00000000e3e00000| PB 0x00000000e3e00000| Untracked 
|  63|0x00000000e3f00000, 0x00000000e3f00000, 0x00000000e4000000|  0%| F|  |TAMS 0x00000000e3f00000| PB 0x00000000e3f00000| Untracked 
|  64|0x00000000e4000000, 0x00000000e4000000, 0x00000000e4100000|  0%| F|  |TAMS 0x00000000e4000000| PB 0x00000000e4000000| Untracked 
|  65|0x00000000e4100000, 0x00000000e4100000, 0x00000000e4200000|  0%| F|  |TAMS 0x00000000e4100000| PB 0x00000000e4100000| Untracked 
|  66|0x00000000e4200000, 0x00000000e4200000, 0x00000000e4300000|  0%| F|  |TAMS 0x00000000e4200000| PB 0x00000000e4200000| Untracked 
|  67|0x00000000e4300000, 0x00000000e4300000, 0x00000000e4400000|  0%| F|  |TAMS 0x00000000e4300000| PB 0x00000000e4300000| Untracked 
|  68|0x00000000e4400000, 0x00000000e4400000, 0x00000000e4500000|  0%| F|  |TAMS 0x00000000e4400000| PB 0x00000000e4400000| Untracked 
|  69|0x00000000e4500000, 0x00000000e4500000, 0x00000000e4600000|  0%| F|  |TAMS 0x00000000e4500000| PB 0x00000000e4500000| Untracked 
|  70|0x00000000e4600000, 0x00000000e4600000, 0x00000000e4700000|  0%| F|  |TAMS 0x00000000e4600000| PB 0x00000000e4600000| Untracked 
|  71|0x00000000e4700000, 0x00000000e4700000, 0x00000000e4800000|  0%| F|  |TAMS 0x00000000e4700000| PB 0x00000000e4700000| Untracked 
|  72|0x00000000e4800000, 0x00000000e4800000, 0x00000000e4900000|  0%| F|  |TAMS 0x00000000e4800000| PB 0x00000000e4800000| Untracked 
|  73|0x00000000e4900000, 0x00000000e4900000, 0x00000000e4a00000|  0%| F|  |TAMS 0x00000000e4900000| PB 0x00000000e4900000| Untracked 
|  74|0x00000000e4a00000, 0x00000000e4a00000, 0x00000000e4b00000|  0%| F|  |TAMS 0x00000000e4a00000| PB 0x00000000e4a00000| Untracked 
|  75|0x00000000e4b00000, 0x00000000e4b00000, 0x00000000e4c00000|  0%| F|  |TAMS 0x00000000e4b00000| PB 0x00000000e4b00000| Untracked 
|  76|0x00000000e4c00000, 0x00000000e4c00000, 0x00000000e4d00000|  0%| F|  |TAMS 0x00000000e4c00000| PB 0x00000000e4c00000| Untracked 
|  77|0x00000000e4d00000, 0x00000000e4d00000, 0x00000000e4e00000|  0%| F|  |TAMS 0x00000000e4d00000| PB 0x00000000e4d00000| Untracked 
|  78|0x00000000e4e00000, 0x00000000e4e00000, 0x00000000e4f00000|  0%| F|  |TAMS 0x00000000e4e00000| PB 0x00000000e4e00000| Untracked 
|  79|0x00000000e4f00000, 0x00000000e4f00000, 0x00000000e5000000|  0%| F|  |TAMS 0x00000000e4f00000| PB 0x00000000e4f00000| Untracked 
|  80|0x00000000e5000000, 0x00000000e5000000, 0x00000000e5100000|  0%| F|  |TAMS 0x00000000e5000000| PB 0x00000000e5000000| Untracked 
|  81|0x00000000e5100000, 0x00000000e5100000, 0x00000000e5200000|  0%| F|  |TAMS 0x00000000e5100000| PB 0x00000000e5100000| Untracked 
|  82|0x00000000e5200000, 0x00000000e5200000, 0x00000000e5300000|  0%| F|  |TAMS 0x00000000e5200000| PB 0x00000000e5200000| Untracked 
|  83|0x00000000e5300000, 0x00000000e5300000, 0x00000000e5400000|  0%| F|  |TAMS 0x00000000e5300000| PB 0x00000000e5300000| Untracked 
|  84|0x00000000e5400000, 0x00000000e5400000, 0x00000000e5500000|  0%| F|  |TAMS 0x00000000e5400000| PB 0x00000000e5400000| Untracked 
|  85|0x00000000e5500000, 0x00000000e5500000, 0x00000000e5600000|  0%| F|  |TAMS 0x00000000e5500000| PB 0x00000000e5500000| Untracked 
|  86|0x00000000e5600000, 0x00000000e5600000, 0x00000000e5700000|  0%| F|  |TAMS 0x00000000e5600000| PB 0x00000000e5600000| Untracked 
|  87|0x00000000e5700000, 0x00000000e5700000, 0x00000000e5800000|  0%| F|  |TAMS 0x00000000e5700000| PB 0x00000000e5700000| Untracked 
|  88|0x00000000e5800000, 0x00000000e5800000, 0x00000000e5900000|  0%| F|  |TAMS 0x00000000e5800000| PB 0x00000000e5800000| Untracked 
|  89|0x00000000e5900000, 0x00000000e5900000, 0x00000000e5a00000|  0%| F|  |TAMS 0x00000000e5900000| PB 0x00000000e5900000| Untracked 
|  90|0x00000000e5a00000, 0x00000000e5a00000, 0x00000000e5b00000|  0%| F|  |TAMS 0x00000000e5a00000| PB 0x00000000e5a00000| Untracked 
|  91|0x00000000e5b00000, 0x00000000e5b00000, 0x00000000e5c00000|  0%| F|  |TAMS 0x00000000e5b00000| PB 0x00000000e5b00000| Untracked 
|  92|0x00000000e5c00000, 0x00000000e5c00000, 0x00000000e5d00000|  0%| F|  |TAMS 0x00000000e5c00000| PB 0x00000000e5c00000| Untracked 
|  93|0x00000000e5d00000, 0x00000000e5d00000, 0x00000000e5e00000|  0%| F|  |TAMS 0x00000000e5d00000| PB 0x00000000e5d00000| Untracked 
|  94|0x00000000e5e00000, 0x00000000e5e00000, 0x00000000e5f00000|  0%| F|  |TAMS 0x00000000e5e00000| PB 0x00000000e5e00000| Untracked 
|  95|0x00000000e5f00000, 0x00000000e5f00000, 0x00000000e6000000|  0%| F|  |TAMS 0x00000000e5f00000| PB 0x00000000e5f00000| Untracked 
|  96|0x00000000e6000000, 0x00000000e6000000, 0x00000000e6100000|  0%| F|  |TAMS 0x00000000e6000000| PB 0x00000000e6000000| Untracked 
|  97|0x00000000e6100000, 0x00000000e6100000, 0x00000000e6200000|  0%| F|  |TAMS 0x00000000e6100000| PB 0x00000000e6100000| Untracked 
|  98|0x00000000e6200000, 0x00000000e6200000, 0x00000000e6300000|  0%| F|  |TAMS 0x00000000e6200000| PB 0x00000000e6200000| Untracked 
|  99|0x00000000e6300000, 0x00000000e6300000, 0x00000000e6400000|  0%| F|  |TAMS 0x00000000e6300000| PB 0x00000000e6300000| Untracked 
| 100|0x00000000e6400000, 0x00000000e6400000, 0x00000000e6500000|  0%| F|  |TAMS 0x00000000e6400000| PB 0x00000000e6400000| Untracked 
| 101|0x00000000e6500000, 0x00000000e6500000, 0x00000000e6600000|  0%| F|  |TAMS 0x00000000e6500000| PB 0x00000000e6500000| Untracked 
| 102|0x00000000e6600000, 0x00000000e6600000, 0x00000000e6700000|  0%| F|  |TAMS 0x00000000e6600000| PB 0x00000000e6600000| Untracked 
| 103|0x00000000e6700000, 0x00000000e6700000, 0x00000000e6800000|  0%| F|  |TAMS 0x00000000e6700000| PB 0x00000000e6700000| Untracked 
| 104|0x00000000e6800000, 0x00000000e6800000, 0x00000000e6900000|  0%| F|  |TAMS 0x00000000e6800000| PB 0x00000000e6800000| Untracked 
| 105|0x00000000e6900000, 0x00000000e6900000, 0x00000000e6a00000|  0%| F|  |TAMS 0x00000000e6900000| PB 0x00000000e6900000| Untracked 
| 106|0x00000000e6a00000, 0x00000000e6a00000, 0x00000000e6b00000|  0%| F|  |TAMS 0x00000000e6a00000| PB 0x00000000e6a00000| Untracked 
| 107|0x00000000e6b00000, 0x00000000e6b00000, 0x00000000e6c00000|  0%| F|  |TAMS 0x00000000e6b00000| PB 0x00000000e6b00000| Untracked 
| 108|0x00000000e6c00000, 0x00000000e6c00000, 0x00000000e6d00000|  0%| F|  |TAMS 0x00000000e6c00000| PB 0x00000000e6c00000| Untracked 
| 109|0x00000000e6d00000, 0x00000000e6d00000, 0x00000000e6e00000|  0%| F|  |TAMS 0x00000000e6d00000| PB 0x00000000e6d00000| Untracked 
| 110|0x00000000e6e00000, 0x00000000e6e00000, 0x00000000e6f00000|  0%| F|  |TAMS 0x00000000e6e00000| PB 0x00000000e6e00000| Untracked 
| 111|0x00000000e6f00000, 0x00000000e6f00000, 0x00000000e7000000|  0%| F|  |TAMS 0x00000000e6f00000| PB 0x00000000e6f00000| Untracked 
| 112|0x00000000e7000000, 0x00000000e7000000, 0x00000000e7100000|  0%| F|  |TAMS 0x00000000e7000000| PB 0x00000000e7000000| Untracked 
| 113|0x00000000e7100000, 0x00000000e7100000, 0x00000000e7200000|  0%| F|  |TAMS 0x00000000e7100000| PB 0x00000000e7100000| Untracked 
| 114|0x00000000e7200000, 0x00000000e7200000, 0x00000000e7300000|  0%| F|  |TAMS 0x00000000e7200000| PB 0x00000000e7200000| Untracked 
| 115|0x00000000e7300000, 0x00000000e7300000, 0x00000000e7400000|  0%| F|  |TAMS 0x00000000e7300000| PB 0x00000000e7300000| Untracked 
| 116|0x00000000e7400000, 0x00000000e7400000, 0x00000000e7500000|  0%| F|  |TAMS 0x00000000e7400000| PB 0x00000000e7400000| Untracked 
| 117|0x00000000e7500000, 0x00000000e7500000, 0x00000000e7600000|  0%| F|  |TAMS 0x00000000e7500000| PB 0x00000000e7500000| Untracked 
| 118|0x00000000e7600000, 0x00000000e7600000, 0x00000000e7700000|  0%| F|  |TAMS 0x00000000e7600000| PB 0x00000000e7600000| Untracked 
| 119|0x00000000e7700000, 0x00000000e7700000, 0x00000000e7800000|  0%| F|  |TAMS 0x00000000e7700000| PB 0x00000000e7700000| Untracked 
| 120|0x00000000e7800000, 0x00000000e7800000, 0x00000000e7900000|  0%| F|  |TAMS 0x00000000e7800000| PB 0x00000000e7800000| Untracked 
| 121|0x00000000e7900000, 0x00000000e7900000, 0x00000000e7a00000|  0%| F|  |TAMS 0x00000000e7900000| PB 0x00000000e7900000| Untracked 
| 122|0x00000000e7a00000, 0x00000000e7a00000, 0x00000000e7b00000|  0%| F|  |TAMS 0x00000000e7a00000| PB 0x00000000e7a00000| Untracked 
| 123|0x00000000e7b00000, 0x00000000e7b00000, 0x00000000e7c00000|  0%| F|  |TAMS 0x00000000e7b00000| PB 0x00000000e7b00000| Untracked 
| 124|0x00000000e7c00000, 0x00000000e7c00000, 0x00000000e7d00000|  0%| F|  |TAMS 0x00000000e7c00000| PB 0x00000000e7c00000| Untracked 
| 125|0x00000000e7d00000, 0x00000000e7d00000, 0x00000000e7e00000|  0%| F|  |TAMS 0x00000000e7d00000| PB 0x00000000e7d00000| Untracked 
| 126|0x00000000e7e00000, 0x00000000e7e00000, 0x00000000e7f00000|  0%| F|  |TAMS 0x00000000e7e00000| PB 0x00000000e7e00000| Untracked 
| 127|0x00000000e7f00000, 0x00000000e7f00000, 0x00000000e8000000|  0%| F|  |TAMS 0x00000000e7f00000| PB 0x00000000e7f00000| Untracked 
| 128|0x00000000e8000000, 0x00000000e8000000, 0x00000000e8100000|  0%| F|  |TAMS 0x00000000e8000000| PB 0x00000000e8000000| Untracked 
| 129|0x00000000e8100000, 0x00000000e8100000, 0x00000000e8200000|  0%| F|  |TAMS 0x00000000e8100000| PB 0x00000000e8100000| Untracked 
| 130|0x00000000e8200000, 0x00000000e8200000, 0x00000000e8300000|  0%| F|  |TAMS 0x00000000e8200000| PB 0x00000000e8200000| Untracked 
| 131|0x00000000e8300000, 0x00000000e8300000, 0x00000000e8400000|  0%| F|  |TAMS 0x00000000e8300000| PB 0x00000000e8300000| Untracked 
| 132|0x00000000e8400000, 0x00000000e8400000, 0x00000000e8500000|  0%| F|  |TAMS 0x00000000e8400000| PB 0x00000000e8400000| Untracked 
| 133|0x00000000e8500000, 0x00000000e8500000, 0x00000000e8600000|  0%| F|  |TAMS 0x00000000e8500000| PB 0x00000000e8500000| Untracked 
| 134|0x00000000e8600000, 0x00000000e8600000, 0x00000000e8700000|  0%| F|  |TAMS 0x00000000e8600000| PB 0x00000000e8600000| Untracked 
| 135|0x00000000e8700000, 0x00000000e8700000, 0x00000000e8800000|  0%| F|  |TAMS 0x00000000e8700000| PB 0x00000000e8700000| Untracked 
| 136|0x00000000e8800000, 0x00000000e8800000, 0x00000000e8900000|  0%| F|  |TAMS 0x00000000e8800000| PB 0x00000000e8800000| Untracked 
| 137|0x00000000e8900000, 0x00000000e8900000, 0x00000000e8a00000|  0%| F|  |TAMS 0x00000000e8900000| PB 0x00000000e8900000| Untracked 
| 138|0x00000000e8a00000, 0x00000000e8a00000, 0x00000000e8b00000|  0%| F|  |TAMS 0x00000000e8a00000| PB 0x00000000e8a00000| Untracked 
| 139|0x00000000e8b00000, 0x00000000e8b00000, 0x00000000e8c00000|  0%| F|  |TAMS 0x00000000e8b00000| PB 0x00000000e8b00000| Untracked 
| 140|0x00000000e8c00000, 0x00000000e8c00000, 0x00000000e8d00000|  0%| F|  |TAMS 0x00000000e8c00000| PB 0x00000000e8c00000| Untracked 
| 141|0x00000000e8d00000, 0x00000000e8d00000, 0x00000000e8e00000|  0%| F|  |TAMS 0x00000000e8d00000| PB 0x00000000e8d00000| Untracked 
| 142|0x00000000e8e00000, 0x00000000e8e00000, 0x00000000e8f00000|  0%| F|  |TAMS 0x00000000e8e00000| PB 0x00000000e8e00000| Untracked 
| 143|0x00000000e8f00000, 0x00000000e8f00000, 0x00000000e9000000|  0%| F|  |TAMS 0x00000000e8f00000| PB 0x00000000e8f00000| Untracked 
| 144|0x00000000e9000000, 0x00000000e9000000, 0x00000000e9100000|  0%| F|  |TAMS 0x00000000e9000000| PB 0x00000000e9000000| Untracked 
| 145|0x00000000e9100000, 0x00000000e9100000, 0x00000000e9200000|  0%| F|  |TAMS 0x00000000e9100000| PB 0x00000000e9100000| Untracked 
| 146|0x00000000e9200000, 0x00000000e9200000, 0x00000000e9300000|  0%| F|  |TAMS 0x00000000e9200000| PB 0x00000000e9200000| Untracked 
| 147|0x00000000e9300000, 0x00000000e9300000, 0x00000000e9400000|  0%| F|  |TAMS 0x00000000e9300000| PB 0x00000000e9300000| Untracked 
| 148|0x00000000e9400000, 0x00000000e9400000, 0x00000000e9500000|  0%| F|  |TAMS 0x00000000e9400000| PB 0x00000000e9400000| Untracked 
| 149|0x00000000e9500000, 0x00000000e9500000, 0x00000000e9600000|  0%| F|  |TAMS 0x00000000e9500000| PB 0x00000000e9500000| Untracked 
| 150|0x00000000e9600000, 0x00000000e9600000, 0x00000000e9700000|  0%| F|  |TAMS 0x00000000e9600000| PB 0x00000000e9600000| Untracked 
| 151|0x00000000e9700000, 0x00000000e9700000, 0x00000000e9800000|  0%| F|  |TAMS 0x00000000e9700000| PB 0x00000000e9700000| Untracked 
| 152|0x00000000e9800000, 0x00000000e9800000, 0x00000000e9900000|  0%| F|  |TAMS 0x00000000e9800000| PB 0x00000000e9800000| Untracked 
| 153|0x00000000e9900000, 0x00000000e9900000, 0x00000000e9a00000|  0%| F|  |TAMS 0x00000000e9900000| PB 0x00000000e9900000| Untracked 
| 154|0x00000000e9a00000, 0x00000000e9a00000, 0x00000000e9b00000|  0%| F|  |TAMS 0x00000000e9a00000| PB 0x00000000e9a00000| Untracked 
| 155|0x00000000e9b00000, 0x00000000e9b00000, 0x00000000e9c00000|  0%| F|  |TAMS 0x00000000e9b00000| PB 0x00000000e9b00000| Untracked 
| 156|0x00000000e9c00000, 0x00000000e9c00000, 0x00000000e9d00000|  0%| F|  |TAMS 0x00000000e9c00000| PB 0x00000000e9c00000| Untracked 
| 157|0x00000000e9d00000, 0x00000000e9d00000, 0x00000000e9e00000|  0%| F|  |TAMS 0x00000000e9d00000| PB 0x00000000e9d00000| Untracked 
| 158|0x00000000e9e00000, 0x00000000e9e00000, 0x00000000e9f00000|  0%| F|  |TAMS 0x00000000e9e00000| PB 0x00000000e9e00000| Untracked 
| 159|0x00000000e9f00000, 0x00000000e9f00000, 0x00000000ea000000|  0%| F|  |TAMS 0x00000000e9f00000| PB 0x00000000e9f00000| Untracked 
| 160|0x00000000ea000000, 0x00000000ea000000, 0x00000000ea100000|  0%| F|  |TAMS 0x00000000ea000000| PB 0x00000000ea000000| Untracked 
| 161|0x00000000ea100000, 0x00000000ea100000, 0x00000000ea200000|  0%| F|  |TAMS 0x00000000ea100000| PB 0x00000000ea100000| Untracked 
| 162|0x00000000ea200000, 0x00000000ea200000, 0x00000000ea300000|  0%| F|  |TAMS 0x00000000ea200000| PB 0x00000000ea200000| Untracked 
| 163|0x00000000ea300000, 0x00000000ea300000, 0x00000000ea400000|  0%| F|  |TAMS 0x00000000ea300000| PB 0x00000000ea300000| Untracked 
| 164|0x00000000ea400000, 0x00000000ea400000, 0x00000000ea500000|  0%| F|  |TAMS 0x00000000ea400000| PB 0x00000000ea400000| Untracked 
| 165|0x00000000ea500000, 0x00000000ea500000, 0x00000000ea600000|  0%| F|  |TAMS 0x00000000ea500000| PB 0x00000000ea500000| Untracked 
| 166|0x00000000ea600000, 0x00000000ea600000, 0x00000000ea700000|  0%| F|  |TAMS 0x00000000ea600000| PB 0x00000000ea600000| Untracked 
| 167|0x00000000ea700000, 0x00000000ea700000, 0x00000000ea800000|  0%| F|  |TAMS 0x00000000ea700000| PB 0x00000000ea700000| Untracked 
| 168|0x00000000ea800000, 0x00000000ea800000, 0x00000000ea900000|  0%| F|  |TAMS 0x00000000ea800000| PB 0x00000000ea800000| Untracked 
| 169|0x00000000ea900000, 0x00000000ea900000, 0x00000000eaa00000|  0%| F|  |TAMS 0x00000000ea900000| PB 0x00000000ea900000| Untracked 
| 170|0x00000000eaa00000, 0x00000000eaa00000, 0x00000000eab00000|  0%| F|  |TAMS 0x00000000eaa00000| PB 0x00000000eaa00000| Untracked 
| 171|0x00000000eab00000, 0x00000000eab00000, 0x00000000eac00000|  0%| F|  |TAMS 0x00000000eab00000| PB 0x00000000eab00000| Untracked 
| 172|0x00000000eac00000, 0x00000000eac00000, 0x00000000ead00000|  0%| F|  |TAMS 0x00000000eac00000| PB 0x00000000eac00000| Untracked 
| 173|0x00000000ead00000, 0x00000000ead00000, 0x00000000eae00000|  0%| F|  |TAMS 0x00000000ead00000| PB 0x00000000ead00000| Untracked 
| 174|0x00000000eae00000, 0x00000000eae00000, 0x00000000eaf00000|  0%| F|  |TAMS 0x00000000eae00000| PB 0x00000000eae00000| Untracked 
| 175|0x00000000eaf00000, 0x00000000eaf00000, 0x00000000eb000000|  0%| F|  |TAMS 0x00000000eaf00000| PB 0x00000000eaf00000| Untracked 
| 176|0x00000000eb000000, 0x00000000eb000000, 0x00000000eb100000|  0%| F|  |TAMS 0x00000000eb000000| PB 0x00000000eb000000| Untracked 
| 177|0x00000000eb100000, 0x00000000eb100000, 0x00000000eb200000|  0%| F|  |TAMS 0x00000000eb100000| PB 0x00000000eb100000| Untracked 
| 178|0x00000000eb200000, 0x00000000eb200000, 0x00000000eb300000|  0%| F|  |TAMS 0x00000000eb200000| PB 0x00000000eb200000| Untracked 
| 179|0x00000000eb300000, 0x00000000eb300000, 0x00000000eb400000|  0%| F|  |TAMS 0x00000000eb300000| PB 0x00000000eb300000| Untracked 
| 180|0x00000000eb400000, 0x00000000eb400000, 0x00000000eb500000|  0%| F|  |TAMS 0x00000000eb400000| PB 0x00000000eb400000| Untracked 
| 181|0x00000000eb500000, 0x00000000eb500000, 0x00000000eb600000|  0%| F|  |TAMS 0x00000000eb500000| PB 0x00000000eb500000| Untracked 
| 182|0x00000000eb600000, 0x00000000eb600000, 0x00000000eb700000|  0%| F|  |TAMS 0x00000000eb600000| PB 0x00000000eb600000| Untracked 
| 183|0x00000000eb700000, 0x00000000eb700000, 0x00000000eb800000|  0%| F|  |TAMS 0x00000000eb700000| PB 0x00000000eb700000| Untracked 
| 184|0x00000000eb800000, 0x00000000eb800000, 0x00000000eb900000|  0%| F|  |TAMS 0x00000000eb800000| PB 0x00000000eb800000| Untracked 
| 185|0x00000000eb900000, 0x00000000eb900000, 0x00000000eba00000|  0%| F|  |TAMS 0x00000000eb900000| PB 0x00000000eb900000| Untracked 
| 186|0x00000000eba00000, 0x00000000eba00000, 0x00000000ebb00000|  0%| F|  |TAMS 0x00000000eba00000| PB 0x00000000eba00000| Untracked 
| 187|0x00000000ebb00000, 0x00000000ebb00000, 0x00000000ebc00000|  0%| F|  |TAMS 0x00000000ebb00000| PB 0x00000000ebb00000| Untracked 
| 188|0x00000000ebc00000, 0x00000000ebc00000, 0x00000000ebd00000|  0%| F|  |TAMS 0x00000000ebc00000| PB 0x00000000ebc00000| Untracked 
| 189|0x00000000ebd00000, 0x00000000ebd00000, 0x00000000ebe00000|  0%| F|  |TAMS 0x00000000ebd00000| PB 0x00000000ebd00000| Untracked 
| 190|0x00000000ebe00000, 0x00000000ebe80800, 0x00000000ebf00000| 50%| E|  |TAMS 0x00000000ebe00000| PB 0x00000000ebe00000| Complete 
| 191|0x00000000ebf00000, 0x00000000ec000000, 0x00000000ec000000|100%| E|CS|TAMS 0x00000000ebf00000| PB 0x00000000ebf00000| Complete 
| 192|0x00000000ec000000, 0x00000000ec100000, 0x00000000ec100000|100%| E|CS|TAMS 0x00000000ec000000| PB 0x00000000ec000000| Complete 
| 193|0x00000000ec100000, 0x00000000ec200000, 0x00000000ec200000|100%| E|CS|TAMS 0x00000000ec100000| PB 0x00000000ec100000| Complete 
| 194|0x00000000ec200000, 0x00000000ec300000, 0x00000000ec300000|100%| E|CS|TAMS 0x00000000ec200000| PB 0x00000000ec200000| Complete 
| 195|0x00000000ec300000, 0x00000000ec400000, 0x00000000ec400000|100%| E|CS|TAMS 0x00000000ec300000| PB 0x00000000ec300000| Complete 
| 196|0x00000000ec400000, 0x00000000ec500000, 0x00000000ec500000|100%| E|CS|TAMS 0x00000000ec400000| PB 0x00000000ec400000| Complete 
| 197|0x00000000ec500000, 0x00000000ec600000, 0x00000000ec600000|100%| E|CS|TAMS 0x00000000ec500000| PB 0x00000000ec500000| Complete 
| 198|0x00000000ec600000, 0x00000000ec700000, 0x00000000ec700000|100%| E|CS|TAMS 0x00000000ec600000| PB 0x00000000ec600000| Complete 
| 199|0x00000000ec700000, 0x00000000ec800000, 0x00000000ec800000|100%| E|CS|TAMS 0x00000000ec700000| PB 0x00000000ec700000| Complete 
| 200|0x00000000ec800000, 0x00000000ec900000, 0x00000000ec900000|100%| E|CS|TAMS 0x00000000ec800000| PB 0x00000000ec800000| Complete 
| 201|0x00000000ec900000, 0x00000000eca00000, 0x00000000eca00000|100%| E|CS|TAMS 0x00000000ec900000| PB 0x00000000ec900000| Complete 
| 202|0x00000000eca00000, 0x00000000ecb00000, 0x00000000ecb00000|100%| E|CS|TAMS 0x00000000eca00000| PB 0x00000000eca00000| Complete 
| 203|0x00000000ecb00000, 0x00000000ecc00000, 0x00000000ecc00000|100%| E|CS|TAMS 0x00000000ecb00000| PB 0x00000000ecb00000| Complete 
| 204|0x00000000ecc00000, 0x00000000ecd00000, 0x00000000ecd00000|100%| E|CS|TAMS 0x00000000ecc00000| PB 0x00000000ecc00000| Complete 
| 205|0x00000000ecd00000, 0x00000000ece00000, 0x00000000ece00000|100%| E|CS|TAMS 0x00000000ecd00000| PB 0x00000000ecd00000| Complete 
| 206|0x00000000ece00000, 0x00000000ecf00000, 0x00000000ecf00000|100%| E|CS|TAMS 0x00000000ece00000| PB 0x00000000ece00000| Complete 
| 207|0x00000000ecf00000, 0x00000000ed000000, 0x00000000ed000000|100%| E|CS|TAMS 0x00000000ecf00000| PB 0x00000000ecf00000| Complete 
| 208|0x00000000ed000000, 0x00000000ed100000, 0x00000000ed100000|100%| E|CS|TAMS 0x00000000ed000000| PB 0x00000000ed000000| Complete 
| 209|0x00000000ed100000, 0x00000000ed200000, 0x00000000ed200000|100%| E|CS|TAMS 0x00000000ed100000| PB 0x00000000ed100000| Complete 
| 210|0x00000000ed200000, 0x00000000ed300000, 0x00000000ed300000|100%| E|CS|TAMS 0x00000000ed200000| PB 0x00000000ed200000| Complete 
| 211|0x00000000ed300000, 0x00000000ed400000, 0x00000000ed400000|100%| E|CS|TAMS 0x00000000ed300000| PB 0x00000000ed300000| Complete 
| 212|0x00000000ed400000, 0x00000000ed500000, 0x00000000ed500000|100%| E|CS|TAMS 0x00000000ed400000| PB 0x00000000ed400000| Complete 
| 213|0x00000000ed500000, 0x00000000ed600000, 0x00000000ed600000|100%| E|CS|TAMS 0x00000000ed500000| PB 0x00000000ed500000| Complete 
| 214|0x00000000ed600000, 0x00000000ed700000, 0x00000000ed700000|100%| E|CS|TAMS 0x00000000ed600000| PB 0x00000000ed600000| Complete 
| 215|0x00000000ed700000, 0x00000000ed800000, 0x00000000ed800000|100%| E|CS|TAMS 0x00000000ed700000| PB 0x00000000ed700000| Complete 
| 216|0x00000000ed800000, 0x00000000ed900000, 0x00000000ed900000|100%| E|CS|TAMS 0x00000000ed800000| PB 0x00000000ed800000| Complete 
| 217|0x00000000ed900000, 0x00000000eda00000, 0x00000000eda00000|100%| E|CS|TAMS 0x00000000ed900000| PB 0x00000000ed900000| Complete 
| 218|0x00000000eda00000, 0x00000000edb00000, 0x00000000edb00000|100%| E|CS|TAMS 0x00000000eda00000| PB 0x00000000eda00000| Complete 
| 219|0x00000000edb00000, 0x00000000edc00000, 0x00000000edc00000|100%| E|CS|TAMS 0x00000000edb00000| PB 0x00000000edb00000| Complete 
| 220|0x00000000edc00000, 0x00000000edd00000, 0x00000000edd00000|100%| E|CS|TAMS 0x00000000edc00000| PB 0x00000000edc00000| Complete 
| 221|0x00000000edd00000, 0x00000000ede00000, 0x00000000ede00000|100%| E|CS|TAMS 0x00000000edd00000| PB 0x00000000edd00000| Complete 
| 222|0x00000000ede00000, 0x00000000ede32580, 0x00000000edf00000| 19%| S|CS|TAMS 0x00000000ede00000| PB 0x00000000ede00000| Complete 
| 223|0x00000000edf00000, 0x00000000ee000000, 0x00000000ee000000|100%| S|CS|TAMS 0x00000000edf00000| PB 0x00000000edf00000| Complete 
| 224|0x00000000ee000000, 0x00000000ee100000, 0x00000000ee100000|100%| S|CS|TAMS 0x00000000ee000000| PB 0x00000000ee000000| Complete 
| 225|0x00000000ee100000, 0x00000000ee200000, 0x00000000ee200000|100%| E|CS|TAMS 0x00000000ee100000| PB 0x00000000ee100000| Complete 
| 226|0x00000000ee200000, 0x00000000ee300000, 0x00000000ee300000|100%| E|CS|TAMS 0x00000000ee200000| PB 0x00000000ee200000| Complete 
| 227|0x00000000ee300000, 0x00000000ee400000, 0x00000000ee400000|100%| E|CS|TAMS 0x00000000ee300000| PB 0x00000000ee300000| Complete 
| 228|0x00000000ee400000, 0x00000000ee500000, 0x00000000ee500000|100%| E|CS|TAMS 0x00000000ee400000| PB 0x00000000ee400000| Complete 
| 229|0x00000000ee500000, 0x00000000ee600000, 0x00000000ee600000|100%| E|CS|TAMS 0x00000000ee500000| PB 0x00000000ee500000| Complete 
| 230|0x00000000ee600000, 0x00000000ee700000, 0x00000000ee700000|100%| E|CS|TAMS 0x00000000ee600000| PB 0x00000000ee600000| Complete 
| 231|0x00000000ee700000, 0x00000000ee800000, 0x00000000ee800000|100%| E|CS|TAMS 0x00000000ee700000| PB 0x00000000ee700000| Complete 
| 232|0x00000000ee800000, 0x00000000ee900000, 0x00000000ee900000|100%| E|CS|TAMS 0x00000000ee800000| PB 0x00000000ee800000| Complete 
| 233|0x00000000ee900000, 0x00000000eea00000, 0x00000000eea00000|100%| E|CS|TAMS 0x00000000ee900000| PB 0x00000000ee900000| Complete 
| 234|0x00000000eea00000, 0x00000000eeb00000, 0x00000000eeb00000|100%| E|CS|TAMS 0x00000000eea00000| PB 0x00000000eea00000| Complete 
| 235|0x00000000eeb00000, 0x00000000eec00000, 0x00000000eec00000|100%| E|CS|TAMS 0x00000000eeb00000| PB 0x00000000eeb00000| Complete 
| 236|0x00000000eec00000, 0x00000000eed00000, 0x00000000eed00000|100%| E|CS|TAMS 0x00000000eec00000| PB 0x00000000eec00000| Complete 
| 237|0x00000000eed00000, 0x00000000eee00000, 0x00000000eee00000|100%| E|CS|TAMS 0x00000000eed00000| PB 0x00000000eed00000| Complete 
| 238|0x00000000eee00000, 0x00000000eef00000, 0x00000000eef00000|100%| E|CS|TAMS 0x00000000eee00000| PB 0x00000000eee00000| Complete 
| 239|0x00000000eef00000, 0x00000000ef000000, 0x00000000ef000000|100%| E|CS|TAMS 0x00000000eef00000| PB 0x00000000eef00000| Complete 
| 240|0x00000000ef000000, 0x00000000ef100000, 0x00000000ef100000|100%| E|CS|TAMS 0x00000000ef000000| PB 0x00000000ef000000| Complete 
| 241|0x00000000ef100000, 0x00000000ef200000, 0x00000000ef200000|100%| E|CS|TAMS 0x00000000ef100000| PB 0x00000000ef100000| Complete 
| 242|0x00000000ef200000, 0x00000000ef300000, 0x00000000ef300000|100%| E|CS|TAMS 0x00000000ef200000| PB 0x00000000ef200000| Complete 
| 243|0x00000000ef300000, 0x00000000ef400000, 0x00000000ef400000|100%| E|CS|TAMS 0x00000000ef300000| PB 0x00000000ef300000| Complete 
| 244|0x00000000ef400000, 0x00000000ef500000, 0x00000000ef500000|100%| E|CS|TAMS 0x00000000ef400000| PB 0x00000000ef400000| Complete 
| 245|0x00000000ef500000, 0x00000000ef600000, 0x00000000ef600000|100%| E|CS|TAMS 0x00000000ef500000| PB 0x00000000ef500000| Complete 
| 246|0x00000000ef600000, 0x00000000ef700000, 0x00000000ef700000|100%| E|CS|TAMS 0x00000000ef600000| PB 0x00000000ef600000| Complete 
| 247|0x00000000ef700000, 0x00000000ef800000, 0x00000000ef800000|100%| E|CS|TAMS 0x00000000ef700000| PB 0x00000000ef700000| Complete 
| 248|0x00000000ef800000, 0x00000000ef900000, 0x00000000ef900000|100%| E|CS|TAMS 0x00000000ef800000| PB 0x00000000ef800000| Complete 
| 249|0x00000000ef900000, 0x00000000efa00000, 0x00000000efa00000|100%| E|CS|TAMS 0x00000000ef900000| PB 0x00000000ef900000| Complete 
| 250|0x00000000efa00000, 0x00000000efb00000, 0x00000000efb00000|100%| E|CS|TAMS 0x00000000efa00000| PB 0x00000000efa00000| Complete 
| 251|0x00000000efb00000, 0x00000000efc00000, 0x00000000efc00000|100%| E|CS|TAMS 0x00000000efb00000| PB 0x00000000efb00000| Complete 
| 252|0x00000000efc00000, 0x00000000efd00000, 0x00000000efd00000|100%| E|CS|TAMS 0x00000000efc00000| PB 0x00000000efc00000| Complete 
| 253|0x00000000efd00000, 0x00000000efe00000, 0x00000000efe00000|100%| E|CS|TAMS 0x00000000efd00000| PB 0x00000000efd00000| Complete 
| 254|0x00000000efe00000, 0x00000000eff00000, 0x00000000eff00000|100%| E|CS|TAMS 0x00000000efe00000| PB 0x00000000efe00000| Complete 
| 255|0x00000000eff00000, 0x00000000f0000000, 0x00000000f0000000|100%| E|CS|TAMS 0x00000000eff00000| PB 0x00000000eff00000| Complete 

Card table byte_map: [0x000001a6fbde0000,0x000001a6fbee0000] _byte_map_base: 0x000001a6fb6e0000

Marking Bits: (CMBitMap*) 0x000001a6f35bb750
 Bits: [0x000001a6fbee0000, 0x000001a6fc6e0000)

Polling page: 0x000001a6f1520000

Metaspace:

Usage:
  Non-class:     12.96 MB used.
      Class:      2.10 MB used.
       Both:     15.05 MB used.

Virtual space:
  Non-class space:       64.00 MB reserved,      13.25 MB ( 21%) committed,  1 nodes.
      Class space:      320.00 MB reserved,       2.31 MB ( <1%) committed,  1 nodes.
             Both:      384.00 MB reserved,      15.56 MB (  4%) committed. 

Chunk freelists:
   Non-Class:  2.61 MB
       Class:  13.70 MB
        Both:  16.31 MB

MaxMetaspaceSize: 384.00 MB
CompressedClassSpaceSize: 320.00 MB
Initial GC threshold: 21.00 MB
Current GC threshold: 21.00 MB
CDS: on
 - commit_granule_bytes: 65536.
 - commit_granule_words: 8192.
 - virtual_space_node_default_size: 8388608.
 - enlarge_chunks_in_place: 1.
 - use_allocation_guard: 0.


Internal statistics:

num_allocs_failed_limit: 0.
num_arena_births: 558.
num_arena_deaths: 0.
num_vsnodes_births: 2.
num_vsnodes_deaths: 0.
num_space_committed: 249.
num_space_uncommitted: 0.
num_chunks_returned_to_freelist: 0.
num_chunks_taken_from_freelist: 1096.
num_chunk_merges: 0.
num_chunk_splits: 713.
num_chunks_enlarged: 484.
num_inconsistent_stats: 0.

CodeHeap 'non-profiled nmethods': size=120000Kb used=1216Kb max_used=1216Kb free=118784Kb
 bounds [0x000001a687ad0000, 0x000001a687d40000, 0x000001a68f000000]
CodeHeap 'profiled nmethods': size=120000Kb used=5167Kb max_used=5167Kb free=114832Kb
 bounds [0x000001a680000000, 0x000001a680510000, 0x000001a687530000]
CodeHeap 'non-nmethods': size=5760Kb used=1489Kb max_used=1504Kb free=4271Kb
 bounds [0x000001a687530000, 0x000001a6877a0000, 0x000001a687ad0000]
 total_blobs=3161 nmethods=2592 adapters=473
 compilation: enabled
              stopped_count=0, restarted_count=0
 full_count=0

Compilation events (20 events):
Event: 2.819 Thread 0x000001a6ff300800 nmethod 2567 0x000001a680506790 code [0x000001a680506940, 0x000001a680506b30]
Event: 2.819 Thread 0x000001a6ff300800 2568       3       java.lang.invoke.MethodHandles$Lookup::checkField (58 bytes)
Event: 2.819 Thread 0x000001a6ff2c9eb0 nmethod 2494 0x000001a687bf9110 code [0x000001a687bf92a0, 0x000001a687bf95a0]
Event: 2.819 Thread 0x000001a6ff2c9eb0 2539       4       java.lang.invoke.MethodTypeForm::canonicalize (74 bytes)
Event: 2.819 Thread 0x000001a6ff300800 nmethod 2568 0x000001a680506c10 code [0x000001a680506e00, 0x000001a680507280]
Event: 2.820 Thread 0x000001a6ff2c9eb0 nmethod 2539 0x000001a687bf9690 code [0x000001a687bf9820, 0x000001a687bf98f8]
Event: 2.820 Thread 0x000001a6ff2c9eb0 2570       4       jdk.internal.org.objectweb.asm.SymbolTable::addConstantMemberReference (147 bytes)
Event: 2.822 Thread 0x000001a6ff300800 2573       3       java.util.List::of (64 bytes)
Event: 2.823 Thread 0x000001a6ff300800 nmethod 2573 0x000001a680507410 code [0x000001a6805076a0, 0x000001a680508360]
Event: 2.824 Thread 0x000001a6ff300800 2580       3       java.util.ArrayList::toArray (12 bytes)
Event: 2.824 Thread 0x000001a6ff300800 nmethod 2580 0x000001a680508790 code [0x000001a680508940, 0x000001a680508b20]
Event: 2.825 Thread 0x000001a6a93a3f80 2572       4       jdk.internal.org.objectweb.asm.Frame::push (109 bytes)
Event: 2.825 Thread 0x000001a6ff300800 2584       3       java.lang.invoke.LambdaForm$NamedFunction::<init> (10 bytes)
Event: 2.825 Thread 0x000001a6ff300800 nmethod 2584 0x000001a680508c10 code [0x000001a680508de0, 0x000001a680509148]
Event: 2.825 Thread 0x000001a6ff300800 2582       3       java.lang.invoke.DirectMethodHandle::afIndex (20 bytes)
Event: 2.825 Thread 0x000001a6ff300800 nmethod 2582 0x000001a680509290 code [0x000001a680509420, 0x000001a680509578]
Event: 2.825 Thread 0x000001a6ff300800 2583       3       java.lang.invoke.MethodHandles$Lookup::getDirectFieldCommon (67 bytes)
Event: 2.826 Thread 0x000001a6ff300800 nmethod 2583 0x000001a680509610 code [0x000001a680509820, 0x000001a680509cc8]
Event: 2.832 Thread 0x000001a6a93a3f80 nmethod 2572 0x000001a687bfad10 code [0x000001a687bfaec0, 0x000001a687bfb588]
Event: 2.832 Thread 0x000001a6a93a3f80 2579       4       jdk.internal.org.objectweb.asm.Frame::getAbstractTypeFromDescriptor (415 bytes)

GC Heap History (4 events):
Event: 0.813 GC heap before
{Heap before GC invocations=0 (full 0):
 garbage-first heap   total 262144K, used 26624K [0x00000000e0000000, 0x0000000100000000)
  region size 1024K, 23 young (23552K), 0 survivors (0K)
 Metaspace       used 3186K, committed 3328K, reserved 393216K
  class space    used 404K, committed 448K, reserved 327680K
}
Event: 0.822 GC heap after
{Heap after GC invocations=1 (full 0):
 garbage-first heap   total 262144K, used 11151K [0x00000000e0000000, 0x0000000100000000)
  region size 1024K, 3 young (3072K), 3 survivors (3072K)
 Metaspace       used 3186K, committed 3328K, reserved 393216K
  class space    used 404K, committed 448K, reserved 327680K
}
Event: 1.377 GC heap before
{Heap before GC invocations=1 (full 0):
 garbage-first heap   total 262144K, used 40847K [0x00000000e0000000, 0x0000000100000000)
  region size 1024K, 31 young (31744K), 3 survivors (3072K)
 Metaspace       used 4146K, committed 4352K, reserved 393216K
  class space    used 504K, committed 640K, reserved 327680K
}
Event: 1.381 GC heap after
{Heap after GC invocations=2 (full 0):
 garbage-first heap   total 262144K, used 13154K [0x00000000e0000000, 0x0000000100000000)
  region size 1024K, 3 young (3072K), 3 survivors (3072K)
 Metaspace       used 4146K, committed 4352K, reserved 393216K
  class space    used 504K, committed 640K, reserved 327680K
}

Dll operation events (15 events):
Event: 0.010 Loaded shared library C:\Users\binic\.jdks\openjdk-21.0.1\bin\java.dll
Event: 0.048 Loaded shared library C:\Users\binic\.jdks\openjdk-21.0.1\bin\jsvml.dll
Event: 0.114 Loaded shared library C:\Users\binic\.jdks\openjdk-21.0.1\bin\zip.dll
Event: 0.121 Loaded shared library C:\Users\binic\.jdks\openjdk-21.0.1\bin\instrument.dll
Event: 0.128 Loaded shared library C:\Users\binic\.jdks\openjdk-21.0.1\bin\net.dll
Event: 0.131 Loaded shared library C:\Users\binic\.jdks\openjdk-21.0.1\bin\nio.dll
Event: 0.137 Loaded shared library C:\Users\binic\.jdks\openjdk-21.0.1\bin\zip.dll
Event: 0.439 Loaded shared library C:\Users\binic\.jdks\openjdk-21.0.1\bin\jimage.dll
Event: 0.512 Loaded shared library C:\Users\binic\.jdks\openjdk-21.0.1\bin\verify.dll
Event: 0.683 Loaded shared library C:\Users\binic\.gradle\native\68d5fa5c4cc2d200863cafc0d521ce42e7d3e7ee720ec0a83991735586a16f82\windows-amd64\native-platform.dll
Event: 0.691 Loaded shared library C:\Users\binic\.gradle\native\e376f236ea51e6404a007f0833ffe2c6e607c4080706a723a18a27aeea778392\windows-amd64\native-platform-file-events.dll
Event: 1.646 Loaded shared library C:\Users\binic\.jdks\openjdk-21.0.1\bin\management.dll
Event: 1.649 Loaded shared library C:\Users\binic\.jdks\openjdk-21.0.1\bin\management_ext.dll
Event: 1.846 Loaded shared library C:\Users\binic\.jdks\openjdk-21.0.1\bin\extnet.dll
Event: 2.091 Loaded shared library C:\Users\binic\.jdks\openjdk-21.0.1\bin\sunmscapi.dll

Deoptimization events (20 events):
Event: 2.653 Thread 0x000001a6a91135f0 Uncommon trap: trap_request=0xffffffde fr.pc=0x000001a687b7f41c relative=0x000000000000033c
Event: 2.653 Thread 0x000001a6a91135f0 Uncommon trap: reason=class_check action=maybe_recompile pc=0x000001a687b7f41c method=java.util.regex.Pattern$BmpCharPropertyGreedy.match(Ljava/util/regex/Matcher;ILjava/lang/CharSequence;)Z @ 26 c2
Event: 2.653 Thread 0x000001a6a91135f0 DEOPT PACKING pc=0x000001a687b7f41c sp=0x0000001b70cfc820
Event: 2.653 Thread 0x000001a6a91135f0 DEOPT UNPACKING pc=0x000001a6875846a2 sp=0x0000001b70cfc7d8 mode 2
Event: 2.653 Thread 0x000001a6a91135f0 Uncommon trap: trap_request=0xffffffde fr.pc=0x000001a687b7f41c relative=0x000000000000033c
Event: 2.653 Thread 0x000001a6a91135f0 Uncommon trap: reason=class_check action=maybe_recompile pc=0x000001a687b7f41c method=java.util.regex.Pattern$BmpCharPropertyGreedy.match(Ljava/util/regex/Matcher;ILjava/lang/CharSequence;)Z @ 26 c2
Event: 2.653 Thread 0x000001a6a91135f0 DEOPT PACKING pc=0x000001a687b7f41c sp=0x0000001b70cfc790
Event: 2.653 Thread 0x000001a6a91135f0 DEOPT UNPACKING pc=0x000001a6875846a2 sp=0x0000001b70cfc748 mode 2
Event: 2.722 Thread 0x000001a6a91135f0 Uncommon trap: trap_request=0xffffff45 fr.pc=0x000001a687b5815c relative=0x00000000000007fc
Event: 2.722 Thread 0x000001a6a91135f0 Uncommon trap: reason=unstable_if action=reinterpret pc=0x000001a687b5815c method=java.util.ArrayList.grow(I)[Ljava/lang/Object; @ 17 c2
Event: 2.722 Thread 0x000001a6a91135f0 DEOPT PACKING pc=0x000001a687b5815c sp=0x0000001b70cfd510
Event: 2.722 Thread 0x000001a6a91135f0 DEOPT UNPACKING pc=0x000001a6875846a2 sp=0x0000001b70cfd3a8 mode 2
Event: 2.761 Thread 0x000001a6a91135f0 Uncommon trap: trap_request=0xffffff45 fr.pc=0x000001a687af651c relative=0x0000000000000d9c
Event: 2.761 Thread 0x000001a6a91135f0 Uncommon trap: reason=unstable_if action=reinterpret pc=0x000001a687af651c method=java.io.WinNTFileSystem.resolve(Ljava/lang/String;Ljava/lang/String;)Ljava/lang/String; @ 19 c2
Event: 2.761 Thread 0x000001a6a91135f0 DEOPT PACKING pc=0x000001a687af651c sp=0x0000001b70cfd260
Event: 2.761 Thread 0x000001a6a91135f0 DEOPT UNPACKING pc=0x000001a6875846a2 sp=0x0000001b70cfd1f8 mode 2
Event: 2.763 Thread 0x000001a6a91135f0 Uncommon trap: trap_request=0xffffff45 fr.pc=0x000001a687b46224 relative=0x0000000000000644
Event: 2.763 Thread 0x000001a6a91135f0 Uncommon trap: reason=unstable_if action=reinterpret pc=0x000001a687b46224 method=java.io.File.getName()Ljava/lang/String; @ 16 c2
Event: 2.763 Thread 0x000001a6a91135f0 DEOPT PACKING pc=0x000001a687b46224 sp=0x0000001b70cfd210
Event: 2.763 Thread 0x000001a6a91135f0 DEOPT UNPACKING pc=0x000001a6875846a2 sp=0x0000001b70cfd1e0 mode 2

Classes loaded (20 events):
Event: 2.801 Loading class java/lang/invoke/BoundMethodHandle$Species_LLLLLLLLLLLLL
Event: 2.801 Loading class java/lang/invoke/BoundMethodHandle$Species_LLLLLLLLLLLLL done
Event: 2.802 Loading class java/lang/invoke/BoundMethodHandle$Species_LLLLLLLLLLLLLL
Event: 2.802 Loading class java/lang/invoke/BoundMethodHandle$Species_LLLLLLLLLLLLLL done
Event: 2.805 Loading class java/lang/invoke/BoundMethodHandle$Species_LLLLLLLLLLLLLLL
Event: 2.805 Loading class java/lang/invoke/BoundMethodHandle$Species_LLLLLLLLLLLLLLL done
Event: 2.808 Loading class java/lang/invoke/BoundMethodHandle$Species_LLLLLLLLLLLLLLLL
Event: 2.808 Loading class java/lang/invoke/BoundMethodHandle$Species_LLLLLLLLLLLLLLLL done
Event: 2.811 Loading class java/lang/invoke/BoundMethodHandle$Species_LLLLLLLLLLLLLLLLL
Event: 2.811 Loading class java/lang/invoke/BoundMethodHandle$Species_LLLLLLLLLLLLLLLLL done
Event: 2.814 Loading class java/lang/invoke/BoundMethodHandle$Species_LLLLLLLLLLLLLLLLLL
Event: 2.814 Loading class java/lang/invoke/BoundMethodHandle$Species_LLLLLLLLLLLLLLLLLL done
Event: 2.817 Loading class java/lang/invoke/BoundMethodHandle$Species_LLLLLLLLLLLLLLLLLLL
Event: 2.817 Loading class java/lang/invoke/BoundMethodHandle$Species_LLLLLLLLLLLLLLLLLLL done
Event: 2.820 Loading class java/lang/invoke/BoundMethodHandle$Species_LLLLLLLLLLLLLLLLLLLL
Event: 2.820 Loading class java/lang/invoke/BoundMethodHandle$Species_LLLLLLLLLLLLLLLLLLLL done
Event: 2.822 Loading class java/lang/invoke/BoundMethodHandle$Species_LLLLLLLLLLLLLLLLLLLLL
Event: 2.822 Loading class java/lang/invoke/BoundMethodHandle$Species_LLLLLLLLLLLLLLLLLLLLL done
Event: 2.824 Loading class java/lang/invoke/BoundMethodHandle$Species_LLLLLLLLLLLLLLLLLLLLLL
Event: 2.824 Loading class java/lang/invoke/BoundMethodHandle$Species_LLLLLLLLLLLLLLLLLLLLLL done

Classes unloaded (0 events):
No events

Classes redefined (0 events):
No events

Internal exceptions (20 events):
Event: 2.649 Thread 0x000001a6a91135f0 Exception <a 'java/lang/NoSuchMethodError'{0x00000000ecb6ef18}: 'void java.lang.invoke.DirectMethodHandle$Holder.invokeInterface(java.lang.Object, java.lang.Object)'> (0x00000000ecb6ef18) 
thrown [s\open\src\hotspot\share\interpreter\linkResolver.cpp, line 773]
Event: 2.649 Thread 0x000001a6a91135f0 Exception <a 'java/lang/IncompatibleClassChangeError'{0x00000000ecb72478}: Found class java.lang.Object, but interface was expected> (0x00000000ecb72478) 
thrown [s\open\src\hotspot\share\interpreter\linkResolver.cpp, line 840]
Event: 2.662 Thread 0x000001a6a91135f0 Exception <a 'java/lang/NoSuchMethodError'{0x00000000ecbe3108}: 'void java.lang.invoke.DirectMethodHandle$Holder.invokeStaticInit(java.lang.Object)'> (0x00000000ecbe3108) 
thrown [s\open\src\hotspot\share\interpreter\linkResolver.cpp, line 773]
Event: 2.678 Thread 0x000001a6a91135f0 Exception <a 'java/lang/NoSuchMethodError'{0x00000000ec90afe0}: 'java.lang.Object java.lang.invoke.DirectMethodHandle$Holder.newInvokeSpecial(java.lang.Object, java.lang.Object, java.lang.Object, int)'> (0x00000000ec90afe0) 
thrown [s\open\src\hotspot\share\interpreter\linkResolver.cpp, line 773]
Event: 2.679 Thread 0x000001a6a91135f0 Exception <a 'java/lang/NoSuchMethodError'{0x00000000ec90f698}: 'java.lang.Object java.lang.invoke.DirectMethodHandle$Holder.invokeSpecial(java.lang.Object, java.lang.Object, java.lang.Object, java.lang.Object, int)'> (0x00000000ec90f698) 
thrown [s\open\src\hotspot\share\interpreter\linkResolver.cpp, line 773]
Event: 2.679 Thread 0x000001a6a91135f0 Exception <a 'java/lang/NoSuchMethodError'{0x00000000ec913540}: 'java.lang.Object java.lang.invoke.Invokers$Holder.linkToTargetMethod(java.lang.Object, java.lang.Object, int, java.lang.Object)'> (0x00000000ec913540) 
thrown [s\open\src\hotspot\share\interpreter\linkResolver.cpp, line 773]
Event: 2.727 Thread 0x000001a6a91135f0 Exception <a 'java/lang/NoSuchMethodError'{0x00000000ec6195d8}: 'java.lang.Object java.lang.invoke.DirectMethodHandle$Holder.invokeVirtual(java.lang.Object, java.lang.Object, java.lang.Object, java.lang.Object, java.lang.Object, java.lang.Object, java.lang.Object, java.lang.Object, java.lang.Object)'> (0x00000000ec6195d8) 
thrown [s\open\src\hotspot\share\interpreter\linkResolver.cpp, line 773]
Event: 2.756 Thread 0x000001a6a91135f0 Exception <a 'java/lang/NoSuchMethodError'{0x00000000ec534340}: 'java.lang.Object java.lang.invoke.DirectMethodHandle$Holder.invokeVirtual(java.lang.Object, java.lang.Object, java.lang.Object, java.lang.Object, java.lang.Object, java.lang.Object, java.lang.Object, java.lang.Object, java.lang.Object, java.lang.Object)'> (0x00000000ec534340) 
thrown [s\open\src\hotspot\share\interpreter\linkResolver.cpp, line 773]
Event: 2.794 Thread 0x000001a6a91135f0 Exception <a 'java/lang/NoSuchMethodError'{0x00000000ec4c0da8}: 'java.lang.Object java.lang.invoke.DelegatingMethodHandle$Holder.reinvoke_L(java.lang.Object, java.lang.Object, java.lang.Object, java.lang.Object, java.lang.Object, java.lang.Object, java.lang.Object, java.lang.Object, java.lang.Object, java.lang.Object, java.lang.Object, java.lang.Object, java.lang.Object, java.lang.Object, java.lang.Object, java.lang.Object, java.lang.Object, java.lang.Object, java.lang.Object, java.lang.Object, java.lang.O
Event: 2.800 Thread 0x000001a6a91135f0 Exception <a 'java/lang/NoSuchMethodError'{0x00000000ec3192b0}: 'java.lang.Object java.lang.invoke.DirectMethodHandle$Holder.invokeStatic(java.lang.Object, java.lang.Object, java.lang.Object, java.lang.Object, java.lang.Object, java.lang.Object, java.lang.Object, java.lang.Object, java.lang.Object, java.lang.Object, java.lang.Object, java.lang.Object, java.lang.Object, java.lang.Object, java.lang.Object)'> (0x00000000ec3192b0) 
thrown [s\open\src\hotspot\share\interpreter\linkResolver.cpp, line 773]
Event: 2.802 Thread 0x000001a6a91135f0 Exception <a 'java/lang/NoSuchMethodError'{0x00000000ec33d498}: 'java.lang.Object java.lang.invoke.DirectMethodHandle$Holder.invokeStatic(java.lang.Object, java.lang.Object, java.lang.Object, java.lang.Object, java.lang.Object, java.lang.Object, java.lang.Object, java.lang.Object, java.lang.Object, java.lang.Object, java.lang.Object, java.lang.Object, java.lang.Object, java.lang.Object, java.lang.Object, java.lang.Object)'> (0x00000000ec33d498) 
thrown [s\open\src\hotspot\share\interpreter\linkResolver.cpp
Event: 2.803 Thread 0x000001a6a91135f0 Exception <a 'java/lang/NoSuchMethodError'{0x00000000ec364ad0}: 'java.lang.Object java.lang.invoke.DirectMethodHandle$Holder.invokeStatic(java.lang.Object, java.lang.Object, java.lang.Object, java.lang.Object, java.lang.Object, java.lang.Object, java.lang.Object, java.lang.Object, java.lang.Object, java.lang.Object, java.lang.Object, java.lang.Object, java.lang.Object, java.lang.Object, java.lang.Object, java.lang.Object, java.lang.Object)'> (0x00000000ec364ad0) 
thrown [s\open\src\hotspot\share\interprete
Event: 2.807 Thread 0x000001a6a91135f0 Exception <a 'java/lang/NoSuchMethodError'{0x00000000ec38d3c8}: 'java.lang.Object java.lang.invoke.DirectMethodHandle$Holder.invokeStatic(java.lang.Object, java.lang.Object, java.lang.Object, java.lang.Object, java.lang.Object, java.lang.Object, java.lang.Object, java.lang.Object, java.lang.Object, java.lang.Object, java.lang.Object, java.lang.Object, java.lang.Object, java.lang.Object, java.lang.Object, java.lang.Object, java.lang.Object, java.lang.Object)'> (0x00000000ec38d3c8) 
thrown [s\open\src\hotspo
Event: 2.810 Thread 0x000001a6a91135f0 Exception <a 'java/lang/NoSuchMethodError'{0x00000000ec3b6cd8}: 'java.lang.Object java.lang.invoke.DirectMethodHandle$Holder.invokeStatic(java.lang.Object, java.lang.Object, java.lang.Object, java.lang.Object, java.lang.Object, java.lang.Object, java.lang.Object, java.lang.Object, java.lang.Object, java.lang.Object, java.lang.Object, java.lang.Object, java.lang.Object, java.lang.Object, java.lang.Object, java.lang.Object, java.lang.Object, java.lang.Object, java.lang.Object)'> (0x00000000ec3b6cd8) 
thrown 
Event: 2.812 Thread 0x000001a6a91135f0 Exception <a 'java/lang/NoSuchMethodError'{0x00000000ec3e1a08}: 'java.lang.Object java.lang.invoke.DirectMethodHandle$Holder.invokeStatic(java.lang.Object, java.lang.Object, java.lang.Object, java.lang.Object, java.lang.Object, java.lang.Object, java.lang.Object, java.lang.Object, java.lang.Object, java.lang.Object, java.lang.Object, java.lang.Object, java.lang.Object, java.lang.Object, java.lang.Object, java.lang.Object, java.lang.Object, java.lang.Object, java.lang.Object, java.lang.Object)'> (0x00000000
Event: 2.815 Thread 0x000001a6a91135f0 Exception <a 'java/lang/NoSuchMethodError'{0x00000000ec20dcf0}: 'java.lang.Object java.lang.invoke.DirectMethodHandle$Holder.invokeStatic(java.lang.Object, java.lang.Object, java.lang.Object, java.lang.Object, java.lang.Object, java.lang.Object, java.lang.Object, java.lang.Object, java.lang.Object, java.lang.Object, java.lang.Object, java.lang.Object, java.lang.Object, java.lang.Object, java.lang.Object, java.lang.Object, java.lang.Object, java.lang.Object, java.lang.Object, java.lang.Object, java.lang.Obj
Event: 2.818 Thread 0x000001a6a91135f0 Exception <a 'java/lang/NoSuchMethodError'{0x00000000ec23a668}: 'java.lang.Object java.lang.invoke.DirectMethodHandle$Holder.invokeStatic(java.lang.Object, java.lang.Object, java.lang.Object, java.lang.Object, java.lang.Object, java.lang.Object, java.lang.Object, java.lang.Object, java.lang.Object, java.lang.Object, java.lang.Object, java.lang.Object, java.lang.Object, java.lang.Object, java.lang.Object, java.lang.Object, java.lang.Object, java.lang.Object, java.lang.Object, java.lang.Object, java.lang.Obj
Event: 2.821 Thread 0x000001a6a91135f0 Exception <a 'java/lang/NoSuchMethodError'{0x00000000ec26dc08}: 'java.lang.Object java.lang.invoke.DirectMethodHandle$Holder.invokeStatic(java.lang.Object, java.lang.Object, java.lang.Object, java.lang.Object, java.lang.Object, java.lang.Object, java.lang.Object, java.lang.Object, java.lang.Object, java.lang.Object, java.lang.Object, java.lang.Object, java.lang.Object, java.lang.Object, java.lang.Object, java.lang.Object, java.lang.Object, java.lang.Object, java.lang.Object, java.lang.Object, java.lang.Obj
Event: 2.823 Thread 0x000001a6a91135f0 Exception <a 'java/lang/NoSuchMethodError'{0x00000000ec29c0d0}: 'java.lang.Object java.lang.invoke.DirectMethodHandle$Holder.invokeStatic(java.lang.Object, java.lang.Object, java.lang.Object, java.lang.Object, java.lang.Object, java.lang.Object, java.lang.Object, java.lang.Object, java.lang.Object, java.lang.Object, java.lang.Object, java.lang.Object, java.lang.Object, java.lang.Object, java.lang.Object, java.lang.Object, java.lang.Object, java.lang.Object, java.lang.Object, java.lang.Object, java.lang.Obj
Event: 2.824 Thread 0x000001a6a91135f0 Exception <a 'java/lang/NoSuchMethodError'{0x00000000ec2cc020}: 'java.lang.Object java.lang.invoke.DirectMethodHandle$Holder.invokeStatic(java.lang.Object, java.lang.Object, java.lang.Object, java.lang.Object, java.lang.Object, java.lang.Object, java.lang.Object, java.lang.Object, java.lang.Object, java.lang.Object, java.lang.Object, java.lang.Object, java.lang.Object, java.lang.Object, java.lang.Object, java.lang.Object, java.lang.Object, java.lang.Object, java.lang.Object, java.lang.Object, java.lang.Obj

ZGC Phase Switch (0 events):
No events

VM Operations (20 events):
Event: 1.821 Executing VM operation: HandshakeAllThreads (Deoptimize)
Event: 1.821 Executing VM operation: HandshakeAllThreads (Deoptimize) done
Event: 1.993 Executing VM operation: HandshakeAllThreads (Deoptimize)
Event: 1.993 Executing VM operation: HandshakeAllThreads (Deoptimize) done
Event: 2.031 Executing VM operation: ICBufferFull
Event: 2.031 Executing VM operation: ICBufferFull done
Event: 2.097 Executing VM operation: HandshakeAllThreads (Deoptimize)
Event: 2.097 Executing VM operation: HandshakeAllThreads (Deoptimize) done
Event: 2.481 Executing VM operation: HandshakeAllThreads (Deoptimize)
Event: 2.481 Executing VM operation: HandshakeAllThreads (Deoptimize) done
Event: 2.676 Executing VM operation: HandshakeAllThreads (Deoptimize)
Event: 2.676 Executing VM operation: HandshakeAllThreads (Deoptimize) done
Event: 2.769 Executing VM operation: HandshakeAllThreads (Deoptimize)
Event: 2.769 Executing VM operation: HandshakeAllThreads (Deoptimize) done
Event: 2.769 Executing VM operation: HandshakeAllThreads (Deoptimize)
Event: 2.769 Executing VM operation: HandshakeAllThreads (Deoptimize) done
Event: 2.832 Executing VM operation: HandshakeAllThreads (Deoptimize)
Event: 2.832 Executing VM operation: HandshakeAllThreads (Deoptimize) done
Event: 2.832 Executing VM operation: HandshakeAllThreads (Deoptimize)
Event: 2.832 Executing VM operation: HandshakeAllThreads (Deoptimize) done

Events (20 events):
Event: 0.046 Thread 0x000001a6ff2bd610 Thread added: 0x000001a6ff2bd610
Event: 0.046 Thread 0x000001a6ff2c9eb0 Thread added: 0x000001a6ff2c9eb0
Event: 0.046 Thread 0x000001a6ff300800 Thread added: 0x000001a6ff300800
Event: 0.082 Thread 0x000001a6ff2bf6e0 Thread added: 0x000001a6ff2bf6e0
Event: 0.163 Thread 0x000001a6ff2be330 Thread added: 0x000001a6ff2be330
Event: 0.441 Thread 0x000001a6ff5a0560 Thread added: 0x000001a6ff5a0560
Event: 1.678 Thread 0x000001a6ff2bdca0 Thread added: 0x000001a6ff2bdca0
Event: 1.960 Thread 0x000001a6ff2be9c0 Thread added: 0x000001a6ff2be9c0
Event: 2.053 Thread 0x000001a6ff2bfd70 Thread added: 0x000001a6ff2bfd70
Event: 2.135 Thread 0x000001a6a91163e0 Thread added: 0x000001a6a91163e0
Event: 2.140 Thread 0x000001a6a9112f60 Thread added: 0x000001a6a9112f60
Event: 2.185 Thread 0x000001a6a9114310 Thread added: 0x000001a6a9114310
Event: 2.196 Thread 0x000001a6a91135f0 Thread added: 0x000001a6a91135f0
Event: 2.209 Thread 0x000001a6a91149a0 Thread added: 0x000001a6a91149a0
Event: 2.212 Thread 0x000001a6a9113c80 Thread added: 0x000001a6a9113c80
Event: 2.216 Thread 0x000001a6a9115030 Thread added: 0x000001a6a9115030
Event: 2.497 Thread 0x000001a6ff5a0560 Thread exited: 0x000001a6ff5a0560
Event: 2.676 Thread 0x000001a6a91156c0 Thread added: 0x000001a6a91156c0
Event: 2.687 Thread 0x000001a6a9115d50 Thread added: 0x000001a6a9115d50
Event: 2.824 Thread 0x000001a6a93a3f80 Thread added: 0x000001a6a93a3f80


Dynamic libraries:
0x00007ff64faa0000 - 0x00007ff64faae000 	C:\Users\binic\.jdks\openjdk-21.0.1\bin\java.exe
0x00007ffcb7950000 - 0x00007ffcb7b67000 	C:\WINDOWS\SYSTEM32\ntdll.dll
0x00007ffcb59e0000 - 0x00007ffcb5aa4000 	C:\WINDOWS\System32\KERNEL32.DLL
0x00007ffcb52f0000 - 0x00007ffcb5695000 	C:\WINDOWS\System32\KERNELBASE.dll
0x00000000585b0000 - 0x00000000588e2000 	C:\Program Files\Norton Security\NortonData\22.20.1.69\Definitions\IPSDefs\20231127.064\IPSEng64.dll
0x00007ffcb57e0000 - 0x00007ffcb5891000 	C:\WINDOWS\System32\ADVAPI32.dll
0x00007ffcb5b00000 - 0x00007ffcb5ba7000 	C:\WINDOWS\System32\msvcrt.dll
0x00007ffcb6b80000 - 0x00007ffcb6c26000 	C:\WINDOWS\System32\sechost.dll
0x00007ffcb56a0000 - 0x00007ffcb57b7000 	C:\WINDOWS\System32\RPCRT4.dll
0x00007ffcb5d60000 - 0x00007ffcb5d68000 	C:\WINDOWS\System32\PSAPI.DLL
0x00007ffcb4de0000 - 0x00007ffcb4ef1000 	C:\WINDOWS\System32\ucrtbase.dll
0x00007ffca2ad0000 - 0x00007ffca2aeb000 	C:\Users\binic\.jdks\openjdk-21.0.1\bin\VCRUNTIME140.dll
0x00007ffca2af0000 - 0x00007ffca2b08000 	C:\Users\binic\.jdks\openjdk-21.0.1\bin\jli.dll
0x00007ffcb5bb0000 - 0x00007ffcb5d5e000 	C:\WINDOWS\System32\USER32.dll
0x00007ffcb4f00000 - 0x00007ffcb4f26000 	C:\WINDOWS\System32\win32u.dll
0x00007ffca03f0000 - 0x00007ffca0683000 	C:\WINDOWS\WinSxS\amd64_microsoft.windows.common-controls_6595b64144ccf1df_6.0.22621.2506_none_270c5ae97388e100\COMCTL32.dll
0x00007ffcb6570000 - 0x00007ffcb6599000 	C:\WINDOWS\System32\GDI32.dll
0x00007ffcb4cc0000 - 0x00007ffcb4dd9000 	C:\WINDOWS\System32\gdi32full.dll
0x00007ffcb50a0000 - 0x00007ffcb513a000 	C:\WINDOWS\System32\msvcp_win.dll
0x00007ffcb58a0000 - 0x00007ffcb58d1000 	C:\WINDOWS\System32\IMM32.DLL
0x00007ffcaca90000 - 0x00007ffcaca9c000 	C:\Users\binic\.jdks\openjdk-21.0.1\bin\vcruntime140_1.dll
0x00007ffc9c350000 - 0x00007ffc9c3de000 	C:\Users\binic\.jdks\openjdk-21.0.1\bin\msvcp140.dll
0x00007ffc6c2b0000 - 0x00007ffc6cfc5000 	C:\Users\binic\.jdks\openjdk-21.0.1\bin\server\jvm.dll
0x00007ffcb63a0000 - 0x00007ffcb6411000 	C:\WINDOWS\System32\WS2_32.dll
0x00007ffcb3ad0000 - 0x00007ffcb3b1d000 	C:\WINDOWS\SYSTEM32\POWRPROF.dll
0x00007ffcb38d0000 - 0x00007ffcb38da000 	C:\WINDOWS\SYSTEM32\VERSION.dll
0x00007ffcacc60000 - 0x00007ffcacc94000 	C:\WINDOWS\SYSTEM32\WINMM.dll
0x00007ffcb3ab0000 - 0x00007ffcb3ac3000 	C:\WINDOWS\SYSTEM32\UMPDC.dll
0x00007ffcb3d10000 - 0x00007ffcb3d28000 	C:\WINDOWS\SYSTEM32\kernel.appcore.dll
0x00007ffcaa9a0000 - 0x00007ffcaa9aa000 	C:\Users\binic\.jdks\openjdk-21.0.1\bin\jimage.dll
0x00007ffcb22f0000 - 0x00007ffcb2523000 	C:\WINDOWS\SYSTEM32\DBGHELP.DLL
0x00007ffcb65a0000 - 0x00007ffcb6929000 	C:\WINDOWS\System32\combase.dll
0x00007ffcb5f30000 - 0x00007ffcb6007000 	C:\WINDOWS\System32\OLEAUT32.dll
0x00007ffca3aa0000 - 0x00007ffca3ad2000 	C:\WINDOWS\SYSTEM32\dbgcore.DLL
0x00007ffcb5200000 - 0x00007ffcb527a000 	C:\WINDOWS\System32\bcryptPrimitives.dll
0x00007ffcacb80000 - 0x00007ffcacb8f000 	C:\Users\binic\.jdks\openjdk-21.0.1\bin\instrument.dll
0x00007ffca2a20000 - 0x00007ffca2a3f000 	C:\Users\binic\.jdks\openjdk-21.0.1\bin\java.dll
0x00007ffcb70b0000 - 0x00007ffcb7909000 	C:\WINDOWS\System32\SHELL32.dll
0x00007ffcb28e0000 - 0x00007ffcb31d4000 	C:\WINDOWS\SYSTEM32\windows.storage.dll
0x00007ffcb27a0000 - 0x00007ffcb28de000 	C:\WINDOWS\SYSTEM32\wintypes.dll
0x00007ffcb61f0000 - 0x00007ffcb62e3000 	C:\WINDOWS\System32\SHCORE.dll
0x00007ffcb6420000 - 0x00007ffcb647e000 	C:\WINDOWS\System32\shlwapi.dll
0x00007ffcb4bf0000 - 0x00007ffcb4c16000 	C:\WINDOWS\SYSTEM32\profapi.dll
0x00007ffc79fe0000 - 0x00007ffc7a0b7000 	C:\Users\binic\.jdks\openjdk-21.0.1\bin\jsvml.dll
0x00007ffca2ea0000 - 0x00007ffca2eb8000 	C:\Users\binic\.jdks\openjdk-21.0.1\bin\zip.dll
0x00007ffcaa970000 - 0x00007ffcaa980000 	C:\Users\binic\.jdks\openjdk-21.0.1\bin\net.dll
0x00007ffcadf60000 - 0x00007ffcae097000 	C:\WINDOWS\SYSTEM32\WINHTTP.dll
0x00007ffcb41e0000 - 0x00007ffcb4249000 	C:\WINDOWS\system32\mswsock.dll
0x00007ffca34e0000 - 0x00007ffca34f6000 	C:\Users\binic\.jdks\openjdk-21.0.1\bin\nio.dll
0x00007ffca30d0000 - 0x00007ffca30e0000 	C:\Users\binic\.jdks\openjdk-21.0.1\bin\verify.dll
0x00007ffca30e0000 - 0x00007ffca3107000 	C:\Users\binic\.gradle\native\68d5fa5c4cc2d200863cafc0d521ce42e7d3e7ee720ec0a83991735586a16f82\windows-amd64\native-platform.dll
0x00007ffc794d0000 - 0x00007ffc79614000 	C:\Users\binic\.gradle\native\e376f236ea51e6404a007f0833ffe2c6e607c4080706a723a18a27aeea778392\windows-amd64\native-platform-file-events.dll
0x00007ffcacb10000 - 0x00007ffcacb1a000 	C:\Users\binic\.jdks\openjdk-21.0.1\bin\management.dll
0x00007ffcacb00000 - 0x00007ffcacb0b000 	C:\Users\binic\.jdks\openjdk-21.0.1\bin\management_ext.dll
0x00007ffcb4530000 - 0x00007ffcb454b000 	C:\WINDOWS\SYSTEM32\CRYPTSP.dll
0x00007ffcb3cd0000 - 0x00007ffcb3d05000 	C:\WINDOWS\system32\rsaenh.dll
0x00007ffcb4280000 - 0x00007ffcb42ac000 	C:\WINDOWS\SYSTEM32\USERENV.dll
0x00007ffcb4650000 - 0x00007ffcb4678000 	C:\WINDOWS\SYSTEM32\bcrypt.dll
0x00007ffcb4510000 - 0x00007ffcb451c000 	C:\WINDOWS\SYSTEM32\CRYPTBASE.dll
0x00007ffcb3470000 - 0x00007ffcb349d000 	C:\WINDOWS\SYSTEM32\IPHLPAPI.DLL
0x00007ffcb61d0000 - 0x00007ffcb61d9000 	C:\WINDOWS\System32\NSI.dll
0x00007ffca37c0000 - 0x00007ffca37c7000 	C:\Users\binic\.jdks\openjdk-21.0.1\bin\extnet.dll
0x00007ffca37e0000 - 0x00007ffca37ee000 	C:\Users\binic\.jdks\openjdk-21.0.1\bin\sunmscapi.dll
0x00007ffcb4f30000 - 0x00007ffcb5096000 	C:\WINDOWS\System32\CRYPT32.dll
0x00007ffcb4620000 - 0x00007ffcb464d000 	C:\WINDOWS\SYSTEM32\ncrypt.dll
0x00007ffcb45e0000 - 0x00007ffcb4617000 	C:\WINDOWS\SYSTEM32\NTASN1.dll
0x00007ffc8d1d0000 - 0x00007ffc8d1d8000 	C:\WINDOWS\system32\wshunix.dll

dbghelp: loaded successfully - version: 4.0.5 - missing functions: none
symbol engine: initialized successfully - sym options: 0x614 - pdb path: .;C:\Users\binic\.jdks\openjdk-21.0.1\bin;C:\WINDOWS\SYSTEM32;C:\Program Files\Norton Security\NortonData\22.20.1.69\Definitions\IPSDefs\20231127.064;C:\WINDOWS\WinSxS\amd64_microsoft.windows.common-controls_6595b64144ccf1df_6.0.22621.2506_none_270c5ae97388e100;C:\Users\binic\.jdks\openjdk-21.0.1\bin\server;C:\Users\binic\.gradle\native\68d5fa5c4cc2d200863cafc0d521ce42e7d3e7ee720ec0a83991735586a16f82\windows-amd64;C:\Users\binic\.gradle\native\e376f236ea51e6404a007f0833ffe2c6e607c4080706a723a18a27aeea778392\windows-amd64

VM Arguments:
jvm_args: --add-opens=java.base/java.util.concurrent.atomic=ALL-UNNAMED -XX:MaxMetaspaceSize=384m -XX:+HeapDumpOnOutOfMemoryError --add-opens=java.base/java.util=ALL-UNNAMED --add-opens=java.base/java.lang=ALL-UNNAMED --add-opens=java.base/java.lang.invoke=ALL-UNNAMED --add-opens=java.prefs/java.util.prefs=ALL-UNNAMED --add-opens=java.base/java.nio.charset=ALL-UNNAMED --add-opens=java.base/java.net=ALL-UNNAMED --add-opens=java.base/java.util.concurrent.atomic=ALL-UNNAMED -Xms256m -Xmx512m -Dfile.encoding=windows-1252 -Duser.country=DE -Duser.language=de -Duser.variant -javaagent:C:\Users\binic\.gradle\wrapper\dists\gradle-8.3-bin\dxjbbhstwasg8cbags9q7cvli\gradle-8.3\lib\agents\gradle-instrumentation-agent-8.3.jar 
java_command: org.gradle.launcher.daemon.bootstrap.GradleDaemon 8.3
java_class_path (initial): C:\Users\binic\.gradle\wrapper\dists\gradle-8.3-bin\dxjbbhstwasg8cbags9q7cvli\gradle-8.3\lib\gradle-launcher-8.3.jar
Launcher Type: SUN_STANDARD

[Global flags]
     intx CICompilerCount                          = 4                                         {product} {ergonomic}
   size_t CompressedClassSpaceSize                 = 335544320                                 {product} {ergonomic}
     uint ConcGCThreads                            = 2                                         {product} {ergonomic}
     uint G1ConcRefinementThreads                  = 8                                         {product} {ergonomic}
   size_t G1HeapRegionSize                         = 1048576                                   {product} {ergonomic}
    uintx GCDrainStackTargetSize                   = 64                                        {product} {ergonomic}
     bool HeapDumpOnOutOfMemoryError               = true                                   {manageable} {command line}
   size_t InitialHeapSize                          = 268435456                                 {product} {command line}
   size_t MarkStackSize                            = 4194304                                   {product} {ergonomic}
   size_t MaxHeapSize                              = 536870912                                 {product} {command line}
   size_t MaxMetaspaceSize                         = 402653184                                 {product} {command line}
   size_t MaxNewSize                               = 321912832                                 {product} {ergonomic}
   size_t MinHeapDeltaBytes                        = 1048576                                   {product} {ergonomic}
   size_t MinHeapSize                              = 268435456                                 {product} {command line}
    uintx NonNMethodCodeHeapSize                   = 5839372                                {pd product} {ergonomic}
    uintx NonProfiledCodeHeapSize                  = 122909434                              {pd product} {ergonomic}
    uintx ProfiledCodeHeapSize                     = 122909434                              {pd product} {ergonomic}
    uintx ReservedCodeCacheSize                    = 251658240                              {pd product} {ergonomic}
     bool SegmentedCodeCache                       = true                                      {product} {ergonomic}
   size_t SoftMaxHeapSize                          = 536870912                              {manageable} {ergonomic}
     bool UseCompressedOops                        = true                           {product lp64_product} {ergonomic}
     bool UseG1GC                                  = true                                      {product} {ergonomic}
     bool UseLargePagesIndividualAllocation        = false                                  {pd product} {ergonomic}

Logging:
Log output configuration:
 #0: stdout all=warning uptime,level,tags foldmultilines=false
 #1: stderr all=off uptime,level,tags foldmultilines=false

Environment Variables:
JAVA_HOME=C:\Users\binic\AppData\Local\Programs\Eclipse Adoptium\jdk-17.0.5.8-hotspot\
PATH=C:\Program Files\Microsoft\jdk-17.0.5.8-hotspot\bin;C:\Program Files (x86)\Python\Scripts\;C:\Program Files (x86)\Python\;C:\WINDOWS\system32;C:\WINDOWS;C:\WINDOWS\System32\Wbem;C:\WINDOWS\System32\WindowsPowerShell\v1.0\;C:\WINDOWS\System32\OpenSSH\;C:\Apps\Boxcryptor\bin\;C:\Program Files\dotnet\;C:\Apps\gradle\gradle-8.0.2\bin;C:\ProgramData\chocolatey\bin;C:\Program Files\Git\cmd;C:\Program Files\Docker\Docker\resources\bin;C:\Program Files\nodejs\;C:\Program Files\PowerShell\7\;C:\Users\binic\AppData\Local\Programs\Eclipse Adoptium\jdk-17.0.5.8-hotspot\bin;C:\Users\binic\AppData\Local\Microsoft\WindowsApps;C:\Users\binic\AppData\Local\Programs\Microsoft VS Code\bin;C:\Program Files\JetBrains\IntelliJ IDEA 2023.1\bin;;C:\Users\binic\AppData\Local\GitHubDesktop\bin;C:\Users\binic\AppData\Roaming\npm
USERNAME=binic
OS=Windows_NT
PROCESSOR_IDENTIFIER=Intel64 Family 6 Model 142 Stepping 12, GenuineIntel
TMP=C:\Users\binic\AppData\Local\Temp
TEMP=C:\Users\binic\AppData\Local\Temp




Periodic native trim disabled

---------------  S Y S T E M  ---------------

OS:
 Windows 11 , 64 bit Build 22621 (10.0.22621.2506)
OS uptime: 1 days 20:18 hours
Hyper-V role detected

CPU: total 8 (initial active 8) (4 cores per cpu, 2 threads per core) family 6 model 142 stepping 12 microcode 0xea, cx8, cmov, fxsr, ht, mmx, 3dnowpref, sse, sse2, sse3, ssse3, sse4.1, sse4.2, popcnt, lzcnt, tsc, tscinvbit, avx, avx2, aes, erms, clmul, bmi1, bmi2, adx, fma, vzeroupper, clflush, clflushopt, hv, rdtscp, f16c
Processor Information for all 8 processors :
  Max Mhz: 1800, Current Mhz: 1600, Mhz Limit: 1584

Memory: 4k page, system-wide physical 16124M (1643M free)
TotalPageFile size 19035M (AvailPageFile size 0M)
current process WorkingSet (physical memory assigned to process): 166M, peak: 166M
current process commit charge ("private bytes"): 392M, peak: 392M

vm_info: OpenJDK 64-Bit Server VM (21.0.1+12-29) for windows-amd64 JRE (21.0.1+12-29), built on 2023-10-05T13:27:09Z by "mach5one" with MS VC++ 17.1 (VS2022)

END.
